This is LuaHBTeX, Version 1.12.0 (TeX Live 2020)  (format=lualatex 2020.4.14)  12 AUG 2020 15:12
 restricted system commands enabled.
**main.tex
(./main.tex
LaTeX2e <2020-02-02> patch level 5
Lua module: luaotfload-main 2020-02-02 3.12 luaotfload entry point
Lua module: luaotfload-init 2020-02-02 3.12 luaotfload submodule / initialization
Lua module: lualibs 2020-02-02 2.70 ConTeXt Lua standard libraries.
Lua module: lualibs-extended 2020-02-02 2.70 ConTeXt Lua libraries -- extended collection.
Lua module: luaotfload-log 2020-02-02 3.12 luaotfload submodule / logging
Lua module: luaotfload-parsers 2020-02-02 3.12 luaotfload submodule / filelist
Lua module: luaotfload-configuration 2020-02-02 3.12 luaotfload submodule / config file reader
luaotfload | conf : Root cache directory is /home/jonas/.local/texlive/2020/texmf-var/luatex-cache/generic-dev/names.
luaotfload | init : Loading fontloader “fontloader-2020-01-26.lua” from kpse-resolved path “/home/jonas/.local/texlive/2020/texmf-dist/tex/luatex/luaotfload/fontloader-2020-01-26.lua”.
Lua-only attribute luaotfload@state = 2
Lua-only attribute luaotfload@noligature = 3
Lua-only attribute luaotfload@syllabe = 4
luaotfload | init : Context OpenType loader version “3.11”
Inserting `luaotfload.node_processor' at position 1 in `pre_linebreak_filter'.
Inserting `luaotfload.node_processor' at position 1 in `hpack_filter'.
Lua module: luaotfload-loaders 2020-02-02 3.12 luaotfload submodule / callback handling
Inserting `luaotfload.define_font' at position 1 in `define_font'.
Lua module: luaotfload-database 2020-02-02 3.12 luaotfload submodule / database
Lua module: luaotfload-unicode 2020-02-02 3.12 luaotfload submodule / Unicode helpers
Lua module: luaotfload-colors 2020-02-02 3.12 luaotfload submodule / color
Lua-only attribute luaotfload_color_attribute = 5
Lua module: luaotfload-resolvers 2020-02-02 3.12 luaotfload submodule / resolvers
luaotfload | conf : Root cache directory is /home/jonas/.local/texlive/2020/texmf-var/luatex-cache/generic-dev/names.
Lua module: luaotfload-features 2020-02-02 3.12 luaotfload submodule / features
Lua module: luaotfload-letterspace 2020-02-02 3.12 luaotfload submodule / color
Lua module: luaotfload-embolden 2020-02-02 3.12 luaotfload submodule / color
Lua module: luaotfload-notdef 2020-02-02 3.12 luaotfload submodule / color
Lua module: luaotfload-harf-define 2020-02-02 3.12 luaotfload submodule / database
Lua module: luaotfload-script 2020-02-02 3.12 luaotfload submodule / Script helpers
Inserting `luaotfload.harf.strip_prefix' at position 1 in `find_opentype_file'.
Inserting `luaotfload.harf.strip_prefix' at position 1 in `find_truetype_file'.
Lua module: luaotfload-harf-plug 2020-02-02 3.12 luaotfload submodule / database
Inserting `Harf pre_output_filter callback' at position 1 in `pre_output_filter'.
Inserting `Harf wrapup_run callback' at position 1 in `wrapup_run'.
Inserting `Harf finish_pdffile callback' at position 1 in `finish_pdffile'.
Inserting `Harf glyph_info callback' at position 1 in `glyph_info'.
Lua module: luaotfload-auxiliary 2020-02-02 3.12 luaotfload submodule / auxiliary functions
Inserting `luaotfload.aux.set_sscale_dimens' at position 1 in `luaotfload.patch_font'.
Inserting `luaotfload.aux.set_font_index' at position 2 in `luaotfload.patch_font'.
Inserting `luaotfload.aux.patch_cambria_domh' at position 3 in `luaotfload.patch_font'.
Inserting `luaotfload.aux.fixup_fontdata' at position 1 in `luaotfload.patch_font_unsafe'.
Inserting `luaotfload.aux.set_capheight' at position 4 in `luaotfload.patch_font'.
Inserting `luaotfload.aux.set_xheight' at position 5 in `luaotfload.patch_font'.
Lua module: luaotfload-fallback 2020-02-02 3.12 luaotfload submodule / fallback
Lua module: luaotfload-multiscript 2020-02-02 3.12 luaotfload submodule / multiscript
Lua module: luaotfload-tounicode 2020-02-02 3.12 luaotfload submodule / tounicode
Inserting `luaotfload.rewrite_fontname' at position 6 in `luaotfload.patch_font'. L3 programming layer <2020-04-06> (./header.tex (/home/jonas/.local/texlive/2020/texmf-dist/tex/latex/koma-script/scrartcl.cls
Document Class: scrartcl 2020/01/24 v3.29 KOMA-Script document class (article)
(/home/jonas/.local/texlive/2020/texmf-dist/tex/latex/koma-script/scrkbase.sty
Package: scrkbase 2020/01/24 v3.29 KOMA-Script package (KOMA-Script-dependent basics and keyval usage)
 (/home/jonas/.local/texlive/2020/texmf-dist/tex/latex/koma-script/scrbase.sty
Package: scrbase 2020/01/24 v3.29 KOMA-Script package (KOMA-Script-independent basics and keyval usage)
 (/home/jonas/.local/texlive/2020/texmf-dist/tex/latex/graphics/keyval.sty
Package: keyval 2014/10/28 v1.15 key=value parser (DPC)
\KV@toks@=\toks15
) (/home/jonas/.local/texlive/2020/texmf-dist/tex/latex/koma-script/scrlfile.sty
Package: scrlfile 2020/01/24 v3.29 KOMA-Script package (loading files)
))) (/home/jonas/.local/texlive/2020/texmf-dist/tex/latex/koma-script/tocbasic.sty
Package: tocbasic 2020/01/24 v3.29 KOMA-Script package (handling toc-files)
\scr@dte@tocline@numberwidth=\skip47
\scr@dte@tocline@numbox=\box45
)
Package tocbasic Info: omitting babel extension for `toc'
(tocbasic)             because of feature `nobabel' available
(tocbasic)             for `toc' on input line 137.
Class scrartcl Info: File `scrsize11pt.clo' used instead of
(scrartcl)           file `scrsize11.clo' to setup font sizes on input line 2212.
 (/home/jonas/.local/texlive/2020/texmf-dist/tex/latex/koma-script/scrsize11pt.clo
File: scrsize11pt.clo 2020/01/24 v3.29 KOMA-Script font size class option (11pt)
luaotfload | db : Font names database loaded from /home/jonas/.local/texlive/2020/texmf-var/luatex-cache/generic-dev/names/luaotfload-names.luc) (/home/jonas/.local/texlive/2020/texmf-dist/tex/latex/koma-script/typearea.sty
Package: typearea 2020/01/24 v3.29 KOMA-Script package (type area)
\ta@bcor=\skip48
\ta@div=\count163
\ta@hblk=\skip49
\ta@vblk=\skip50
\ta@temp=\skip51
\footheight=\skip52
Package typearea Info: These are the values describing the layout:
(typearea)             DIV  = 10
(typearea)             BCOR = 0.0pt
(typearea)             \paperwidth      = 597.50793pt
(typearea)              \textwidth      = 418.25555pt
(typearea)              DIV departure   = -6%
(typearea)              \evensidemargin = 17.3562pt
(typearea)              \oddsidemargin  = 17.3562pt
(typearea)             \paperheight     = 845.04694pt
(typearea)              \textheight     = 595.80026pt
(typearea)              \topmargin      = -25.16531pt
(typearea)              \headheight     = 17.0pt
(typearea)              \headsep        = 20.40001pt
(typearea)              \topskip        = 11.0pt
(typearea)              \footskip       = 47.6pt
(typearea)              \baselineskip   = 13.6pt
(typearea)              on input line 1719.
)
\c@part=\count164
\c@section=\count165
\c@subsection=\count166
\c@subsubsection=\count167
\c@paragraph=\count168
\c@subparagraph=\count169
\scr@dte@section@maxnumwidth=\skip53
Class scrartcl Info: using compatibility default `runin=bysign'
(scrartcl)           for `\section on input line 4723.
Class scrartcl Info: using compatibility default `afterindent=bysign'
(scrartcl)           for `\section on input line 4723.
\scr@dte@part@maxnumwidth=\skip54
Class scrartcl Info: using compatibility default `afterindent=false'
(scrartcl)           for `\part on input line 4731.
\scr@dte@subsection@maxnumwidth=\skip55
Class scrartcl Info: using compatibility default `runin=bysign'
(scrartcl)           for `\subsection on input line 4741.
Class scrartcl Info: using compatibility default `afterindent=bysign'
(scrartcl)           for `\subsection on input line 4741.
\scr@dte@subsubsection@maxnumwidth=\skip56
Class scrartcl Info: using compatibility default `runin=bysign'
(scrartcl)           for `\subsubsection on input line 4751.
Class scrartcl Info: using compatibility default `afterindent=bysign'
(scrartcl)           for `\subsubsection on input line 4751.
\scr@dte@paragraph@maxnumwidth=\skip57
Class scrartcl Info: using compatibility default `runin=bysign'
(scrartcl)           for `\paragraph on input line 4761.
Class scrartcl Info: using compatibility default `afterindent=bysign'
(scrartcl)           for `\paragraph on input line 4761.
\scr@dte@subparagraph@maxnumwidth=\skip58
Class scrartcl Info: using compatibility default `runin=bysign'
(scrartcl)           for `\subparagraph on input line 4771.
Class scrartcl Info: using compatibility default `afterindent=bysign'
(scrartcl)           for `\subparagraph on input line 4771.
\abovecaptionskip=\skip59
\belowcaptionskip=\skip60
\c@pti@nb@sid@b@x=\box46
Package tocbasic Info: omitting babel extension for `lof'
(tocbasic)             because of feature `nobabel' available
(tocbasic)             for `lof' on input line 6002.
\scr@dte@figure@maxnumwidth=\skip61
\c@figure=\count170
Package tocbasic Info: omitting babel extension for `lot'
(tocbasic)             because of feature `nobabel' available
(tocbasic)             for `lot' on input line 6014.
\scr@dte@table@maxnumwidth=\skip62
\c@table=\count171
Class scrartcl Info: Redefining `\numberline' on input line 6178.
\bibindent=\dimen134
) (/home/jonas/.local/texlive/2020/texmf-dist/tex/latex/koma-script/scrhack.sty
Package: scrhack 2020/01/24 v3.29 KOMA-Script package (hacking other packages)
 (/home/jonas/.local/texlive/2020/texmf-dist/tex/latex/xpatch/xpatch.sty (/home/jonas/.local/texlive/2020/texmf-dist/tex/latex/l3kernel/expl3.sty
Package: expl3 2020-04-06 L3 programming layer (loader) 
 (/home/jonas/.local/texlive/2020/texmf-dist/tex/latex/l3backend/l3backend-pdfmode.def
File: l3backend-pdfmode.def 2020-03-12 L3 backend support: PDF mode
\l__kernel_color_stack_int=\count172
\l__pdf_internal_box=\box47
))
Package: xpatch 2020/03/25 v0.3a Extending etoolbox patching commands
 (/home/jonas/.local/texlive/2020/texmf-dist/tex/latex/l3packages/xparse/xparse.sty
Package: xparse 2020-03-06 L3 Experimental document command parser
\l__xparse_current_arg_int=\count173
\g__xparse_grabber_int=\count174
\l__xparse_m_args_int=\count175
\l__xparse_v_nesting_int=\count176
) (/home/jonas/.local/texlive/2020/texmf-dist/tex/latex/etoolbox/etoolbox.sty
Package: etoolbox 2019/09/21 v2.5h e-TeX tools for LaTeX (JAW)
\etb@tempcnta=\count177
))) (/home/jonas/.local/texlive/2020/texmf-dist/tex/latex/rerunfilecheck/rerunfilecheck.sty
Package: rerunfilecheck 2019/12/05 v1.9 Rerun checks for auxiliary files (HO)
 (/home/jonas/.local/texlive/2020/texmf-dist/tex/latex/kvoptions/kvoptions.sty
Package: kvoptions 2019/11/29 v3.13 Key value format for package options (HO)
 (/home/jonas/.local/texlive/2020/texmf-dist/tex/generic/ltxcmds/ltxcmds.sty
Package: ltxcmds 2019/12/15 v1.24 LaTeX kernel commands for general use (HO)
) (/home/jonas/.local/texlive/2020/texmf-dist/tex/generic/kvsetkeys/kvsetkeys.sty
Package: kvsetkeys 2019/12/15 v1.18 Key value parser (HO)
)) (/home/jonas/.local/texlive/2020/texmf-dist/tex/generic/infwarerr/infwarerr.sty
Package: infwarerr 2019/12/03 v1.5 Providing info/warning/error messages (HO)
) (/home/jonas/.local/texlive/2020/texmf-dist/tex/latex/pdftexcmds/pdftexcmds.sty
Package: pdftexcmds 2019/11/24 v0.31 Utility functions of pdfTeX for LuaTeX (HO)
 (/home/jonas/.local/texlive/2020/texmf-dist/tex/generic/iftex/iftex.sty
Package: iftex 2020/03/06 v1.0d TeX engine tests
)
Package pdftexcmds Info: \pdf@primitive is available.
Package pdftexcmds Info: \pdf@ifprimitive is available.
Package pdftexcmds Info: \pdfdraftmode found.
\pdftexcmds@toks=\toks16
) (/home/jonas/.local/texlive/2020/texmf-dist/tex/latex/atveryend/atveryend.sty
Package: atveryend 2019-12-11 v1.11 Hooks at the very end of document (HO)
) (/home/jonas/.local/texlive/2020/texmf-dist/tex/generic/uniquecounter/uniquecounter.sty
Package: uniquecounter 2019/12/15 v1.4 Provide unlimited unique counter (HO)
 (/home/jonas/.local/texlive/2020/texmf-dist/tex/generic/bigintcalc/bigintcalc.sty
Package: bigintcalc 2019/12/15 v1.5 Expandable calculations on big integers (HO)
))
Package uniquecounter Info: New unique counter `rerunfilecheck' on input line 286.
) (/home/jonas/.local/texlive/2020/texmf-dist/tex/latex/amsmath/amsmath.sty
Package: amsmath 2020/01/20 v2.17e AMS math features
\@mathmargin=\skip63

For additional information on amsmath, use the `?' option.
(/home/jonas/.local/texlive/2020/texmf-dist/tex/latex/amsmath/amstext.sty
Package: amstext 2000/06/29 v2.01 AMS text
 (/home/jonas/.local/texlive/2020/texmf-dist/tex/latex/amsmath/amsgen.sty
File: amsgen.sty 1999/11/30 v2.0 generic functions
\@emptytoks=\toks17
\ex@=\dimen135
)) (/home/jonas/.local/texlive/2020/texmf-dist/tex/latex/amsmath/amsbsy.sty
Package: amsbsy 1999/11/29 v1.2d Bold Symbols
\pmbraise@=\dimen136
) (/home/jonas/.local/texlive/2020/texmf-dist/tex/latex/amsmath/amsopn.sty
Package: amsopn 2016/03/08 v2.02 operator names
)
\inf@bad=\count178
LaTeX Info: Redefining \frac on input line 227.
\uproot@=\count179
\leftroot@=\count180
LaTeX Info: Redefining \overline on input line 389.
\classnum@=\count181
\DOTSCASE@=\count182
LaTeX Info: Redefining \ldots on input line 486.
LaTeX Info: Redefining \dots on input line 489.
LaTeX Info: Redefining \cdots on input line 610.
\Mathstrutbox@=\box48
\strutbox@=\box49
\big@size=\dimen137
LaTeX Font Info:    Redeclaring font encoding OML on input line 733.
LaTeX Font Info:    Redeclaring font encoding OMS on input line 734.
\macc@depth=\count183
\c@MaxMatrixCols=\count184
\dotsspace@=\muskip16
\c@parentequation=\count185
\dspbrk@lvl=\count186
\tag@help=\toks18
\row@=\count187
\column@=\count188
\maxfields@=\count189
\andhelp@=\toks19
\eqnshift@=\dimen138
\alignsep@=\dimen139
\tagshift@=\dimen140
\tagwidth@=\dimen141
\totwidth@=\dimen142
\lineht@=\dimen143
\@envbody=\toks20
\multlinegap=\skip64
\multlinetaggap=\skip65
\mathdisplay@stack=\toks21
LaTeX Info: Redefining \[ on input line 2859.
LaTeX Info: Redefining \] on input line 2860.
) (/home/jonas/.local/texlive/2020/texmf-dist/tex/latex/amsfonts/amssymb.sty
Package: amssymb 2013/01/14 v3.01 AMS font symbols
 (/home/jonas/.local/texlive/2020/texmf-dist/tex/latex/amsfonts/amsfonts.sty
Package: amsfonts 2013/01/14 v3.01 Basic AMSFonts support
\symAMSa=\mathgroup4
\symAMSb=\mathgroup5
LaTeX Font Info:    Redeclaring math symbol \hbar on input line 98.
LaTeX Font Info:    Overwriting math alphabet `\mathfrak' in version `bold'
(Font)                  U/euf/m/n --> U/euf/b/n on input line 106.
)) (/home/jonas/.local/texlive/2020/texmf-dist/tex/latex/mathtools/mathtools.sty
Package: mathtools 2020/03/24 v1.24 mathematical typesetting tools
 (/home/jonas/.local/texlive/2020/texmf-dist/tex/latex/tools/calc.sty
Package: calc 2017/05/25 v4.3 Infix arithmetic (KKT,FJ)
\calc@Acount=\count190
\calc@Bcount=\count191
\calc@Adimen=\dimen144
\calc@Bdimen=\dimen145
\calc@Askip=\skip66
\calc@Bskip=\skip67
LaTeX Info: Redefining \setlength on input line 80.
LaTeX Info: Redefining \addtolength on input line 81.
\calc@Ccount=\count192
\calc@Cskip=\skip68
) (/home/jonas/.local/texlive/2020/texmf-dist/tex/latex/mathtools/mhsetup.sty
Package: mhsetup 2017/03/31 v1.3 programming setup (MH)
)
LaTeX Info: Thecontrolsequence`\('isalreadyrobust on input line 130.
LaTeX Info: Thecontrolsequence`\)'isalreadyrobust on input line 130.
LaTeX Info: Thecontrolsequence`\['isalreadyrobust on input line 130.
LaTeX Info: Thecontrolsequence`\]'isalreadyrobust on input line 130.
\g_MT_multlinerow_int=\count193
\l_MT_multwidth_dim=\dimen146
\origjot=\skip69
\l_MT_shortvdotswithinadjustabove_dim=\dimen147
\l_MT_shortvdotswithinadjustbelow_dim=\dimen148
\l_MT_above_intertext_sep=\dimen149
\l_MT_below_intertext_sep=\dimen150
\l_MT_above_shortintertext_sep=\dimen151
\l_MT_below_shortintertext_sep=\dimen152
\xmathstrut@box=\box50
\xmathstrut@dim=\dimen153
) (/home/jonas/.local/texlive/2020/texmf-dist/tex/latex/fontspec/fontspec.sty
Package: fontspec 2020/02/21 v2.7i Font selection for XeLaTeX and LuaLaTeX
Lua module: fontspec 2020/02/21 2.7i Font selection for XeLaTeX and LuaLaTeX (/home/jonas/.local/texlive/2020/texmf-dist/tex/latex/fontspec/fontspec-luatex.sty
Package: fontspec-luatex 2020/02/21 v2.7i Font selection for XeLaTeX and LuaLaTeX
\l__fontspec_script_int=\count194
\l__fontspec_language_int=\count195
\l__fontspec_strnum_int=\count196
\l__fontspec_tmp_int=\count197
\l__fontspec_tmpa_int=\count198
\l__fontspec_tmpb_int=\count199
\l__fontspec_tmpc_int=\count266
\l__fontspec_em_int=\count267
\l__fontspec_emdef_int=\count268
\l__fontspec_strong_int=\count269
\l__fontspec_strongdef_int=\count270
\l__fontspec_tmpa_dim=\dimen154
\l__fontspec_tmpb_dim=\dimen155
\l__fontspec_tmpc_dim=\dimen156
 (/home/jonas/.local/texlive/2020/texmf-dist/tex/latex/base/fontenc.sty
Package: fontenc 2020/02/11 v2.0o Standard LaTeX package
) (/home/jonas/.local/texlive/2020/texmf-dist/tex/latex/fontspec/fontspec.cfg)))
Package typearea Info: These are the values describing the layout:
(typearea)             DIV  = 10
(typearea)             BCOR = 0.0pt
(typearea)             \paperwidth      = 597.50793pt
(typearea)              \textwidth      = 418.25555pt
(typearea)              DIV departure   = -6%
(typearea)              \evensidemargin = 17.3562pt
(typearea)              \oddsidemargin  = 17.3562pt
(typearea)             \paperheight     = 845.04694pt
(typearea)              \textheight     = 595.80026pt
(typearea)              \topmargin      = -25.16531pt
(typearea)              \headheight     = 17.0pt
(typearea)              \headsep        = 20.40001pt
(typearea)              \topskip        = 11.0pt
(typearea)              \footskip       = 47.6pt
(typearea)              \baselineskip   = 13.6pt
(typearea)              on input line 30.
 (/home/jonas/.local/texlive/2020/texmf-dist/tex/latex/polyglossia/polyglossia.sty
Package: polyglossia 2020/04/08 v1.49 Modern multilingual typesetting with XeLaTeX and LuaLaTeX
 (/home/jonas/.local/texlive/2020/texmf-dist/tex/latex/makecmds/makecmds.sty
Package: makecmds 2009/09/03 v1.0a extra command making commands
) (/home/jonas/.local/texlive/2020/texmf-dist/tex/latex/xkeyval/xkeyval.sty
Package: xkeyval 2014/12/03 v2.7a package option processing (HA)
 (/home/jonas/.local/texlive/2020/texmf-dist/tex/generic/xkeyval/xkeyval.tex (/home/jonas/.local/texlive/2020/texmf-dist/tex/generic/xkeyval/xkvutils.tex
\XKV@toks=\toks22
\XKV@tempa@toks=\toks23
)
\XKV@depth=\count271
File: xkeyval.tex 2014/12/03 v2.7a key=value parser (HA)
)) (/home/jonas/.local/texlive/2020/texmf-dist/tex/generic/iftex/ifluatex.sty
Package: ifluatex 2019/10/25 v1.5 ifluatex legacy package. Use iftex instead.
) (/home/jonas/.local/texlive/2020/texmf-dist/tex/generic/iftex/ifxetex.sty
Package: ifxetex 2019/10/25 v0.7 ifxetex legacy package. Use iftex instead.
) (/home/jonas/.local/texlive/2020/texmf-dist/tex/latex/l3packages/l3keys2e/l3keys2e.sty
Package: l3keys2e 2020-03-06 LaTeX2e option processing using LaTeX3 keys
) (/home/jonas/.local/texlive/2020/texmf-dist/tex/latex/filehook/filehook.sty
Package: filehook 2020/02/03 v0.7 Hooks for input files
 (/home/jonas/.local/texlive/2020/texmf-dist/tex/latex/filehook/filehook-scrlfile.sty
Package: filehook-scrlfile 2020/02/02 v0.2 filehook patch for scrlfile package
Package filehook Info: Package 'scrlfile' detected and compensated for on input line 107.
)) (/home/jonas/.local/texlive/2020/texmf-dist/tex/luatex/luatexbase/luatexbase.sty
Package: luatexbase 2015/10/04 v1.3 luatexbase interface to LuaTeX 
 (/home/jonas/.local/texlive/2020/texmf-dist/tex/luatex/ctablestack/ctablestack.sty
Package: ctablestack 2015/10/01 v1.0 Catcode table stable support
\@catcodetablestackcnt=\count272
)
\CatcodeTableOther=\catcodetable5
\CatcodeTableExpl=\catcodetable6
)
Lua module: polyglossia 2013/05/11 1.3 Polyglossia (/home/jonas/.local/texlive/2020/texmf-dist/tex/latex/polyglossia/gloss-latex.ldf
File: gloss-latex.ldf polyglossia: module for default language
The property list \polyglossia@langsetup contains the pairs (without outer
braces):
>  {latex/script}  =>  {latin}
>  {latex/lcscript}  =>  {latin}
>  {latex/scripttag}  =>  {}
>  {latex/language}  =>  {Latex}
>  {latex/langtag}  =>  {ENG}
>  {latex/bcp47}  =>  {}
>  {latex/hyphennames}  =>  {english}
>  {latex/direction}  =>  {LR}
>  {latex/hyphenmins}  =>  {2,3}
>  {latex/frenchspacing}  =>  {false}
>  {latex/indentfirst}  =>  {false}
>  {latex/fontsetup}  =>  {true}
>  {latex/envname}  =>  {latex}
>  {latex/babelname}  =>  {latex}
>  {latex/localnumeral}  =>  {polyglossia@C@localnumeral}
>  {latex/Localnumeral}  =>  {polyglossia@C@localnumeral}.
)
Package polyglossia Info: Default language is latex.
) (/home/jonas/.local/texlive/2020/texmf-dist/tex/latex/polyglossia/gloss-german.ldf
File: gloss-german.ldf polyglossia: module for german
The property list \polyglossia@langsetup contains the pairs (without outer
braces):
>  {latex/script}  =>  {latin}
>  {latex/lcscript}  =>  {latin}
>  {latex/scripttag}  =>  {}
>  {latex/language}  =>  {Latex}
>  {latex/langtag}  =>  {ENG}
>  {latex/bcp47}  =>  {}
>  {latex/hyphennames}  =>  {english}
>  {latex/direction}  =>  {LR}
>  {latex/hyphenmins}  =>  {2,3}
>  {latex/frenchspacing}  =>  {false}
>  {latex/indentfirst}  =>  {false}
>  {latex/fontsetup}  =>  {true}
>  {latex/envname}  =>  {latex}
>  {latex/babelname}  =>  {latex}
>  {latex/localnumeral}  =>  {polyglossia@C@localnumeral}
>  {latex/Localnumeral}  =>  {polyglossia@C@localnumeral}
>  {german/script}  =>  {latin}
>  {german/lcscript}  =>  {latin}
>  {german/scripttag}  =>  {}
>  {german/language}  =>  {German}
>  {german/langtag}  =>  {DEU}
>  {german/bcp47}  =>  {de-DE}
>  {german/hyphennames}  =>  {}
>  {german/direction}  =>  {LR}
>  {german/hyphenmins}  =>  {2,2}
>  {german/frenchspacing}  =>  {true}
>  {german/indentfirst}  =>  {false}
>  {german/fontsetup}  =>  {true}
>  {german/envname}  =>  {german}
>  {german/babelname}  =>  {ngerman}
>  {german/localnumeral}  =>  {polyglossia@C@localnumeral}
>  {german/Localnumeral}  =>  {polyglossia@C@localnumeral}.
Module polyglossia Info: Language data for german
(polyglossia)            loader	loadhyph-de-1901.tex
(polyglossia)            lefthyphenmin	2
(polyglossia)            righthyphenmin	2
(polyglossia)            hyphenation	
(polyglossia)            patterns	hyph-de-1901.pat.txt
(polyglossia)            synonyms	 on input line 10
Module polyglossia Info: Language german was not yet loaded; created with id 2 on input line 10
Package polyglossia Info: Option: German, spelling=new.
Package polyglossia Info: Option: German, script=latin.
Package polyglossia Info: Option: German, variant=german.
Package polyglossia Info: Option: German, variant=german.
Package polyglossia Info: Option: German, spelling=new.
Package polyglossia Info: Option: German, script=latin.
 (/home/jonas/.local/texlive/2020/texmf-dist/tex/latex/polyglossia/babelsh.def
File: babelsh.def 2019/09/30 Babel common definitions for shorthands
 Taken verbatim from babel files (2019/09/27 v3.34)
)
Package polyglossia Info: Making " an active character on input line 177.
)
Package polyglossia Info: Default language is german.
 (/home/jonas/.local/texlive/2020/texmf-dist/tex/latex/unicode-math/unicode-math.sty
Package: unicode-math 2020/01/31 v0.8q Unicode maths in XeLaTeX and LuaLaTeX
 (/home/jonas/.local/texlive/2020/texmf-dist/tex/latex/unicode-math/unicode-math-luatex.sty
Package: unicode-math-luatex 2020/01/31 v0.8q Unicode maths in XeLaTeX and LuaLaTeX
 (/home/jonas/.local/texlive/2020/texmf-dist/tex/latex/base/fix-cm.sty
Package: fix-cm 2015/01/14 v1.1t fixes to LaTeX
 (/home/jonas/.local/texlive/2020/texmf-dist/tex/latex/base/ts1enc.def
File: ts1enc.def 2001/06/05 v3.0e (jk/car/fm) Standard LaTeX file
LaTeX Font Info:    Redeclaring font encoding TS1 on input line 47.
)) (/home/jonas/.local/texlive/2020/texmf-dist/tex/lualatex/lualatex-math/lualatex-math.sty
Package: lualatex-math 2019/01/21 v1.8 Patches for mathematics typesetting with LuaLaTeX
Lua module: lualatex-math 2013/08/03 1.3 Patches for mathematics typesetting with LuaLaTeX

Package lualatex-math Info: I'm going to patch macro \subarray.


Package lualatex-math Info: I'm going to patch macro \frac .


Package lualatex-math Info: I'm going to patch macro \genfrac .


Package lualatex-math Info: I'm going to patch macro \MT_cramped_internal:Nn.

)
\g__um_fam_int=\count273
\g__um_fonts_used_int=\count274
\l__um_primecount_int=\count275
\g__um_primekern_muskip=\muskip17
 (/home/jonas/.local/texlive/2020/texmf-dist/tex/latex/unicode-math/unicode-math-table.tex)))
luaotfload | cache : Lookup cache loaded from /home/jonas/.local/texlive/2020/texmf-var/luatex-cache/generic-dev/names/luaotfload-lookup-cache.luc.

Package fontspec Info: Could not resolve font "LatinModernMath/B" (it probably
(fontspec)             doesn't exist).


Package fontspec Info: Font family 'LatinModernMath(0)' created for font
(fontspec)             'Latin Modern Math' with options
(fontspec)             [Renderer=Basic,BoldItalicFont={},ItalicFont={},SmallCapsFont={},Script=Math,FontAdjustment={\__um_luatex_copy_fontdimens:
(fontspec)             }].
(fontspec)              
(fontspec)              This font family consists of the following NFSS
(fontspec)             series/shapes:
(fontspec)              
(fontspec)             - 'normal' (m/n) with NFSS spec.:
(fontspec)             <->"LatinModernMath:mode=base;script=math;language=dflt;"
(fontspec)             - 'small caps'  (m/sc) with NFSS spec.: 
(fontspec)             and font adjustment code:
(fontspec)             \__um_luatex_copy_fontdimens: 


Package fontspec Info: Could not resolve font "LatinModernMath/B" (it probably
(fontspec)             doesn't exist).


Package fontspec Info: Font family 'LatinModernMath(1)' created for font
(fontspec)             'Latin Modern Math' with options
(fontspec)             [Renderer=Basic,BoldItalicFont={},ItalicFont={},SmallCapsFont={},Script=Math,SizeFeatures={{Size=9.3075-},{Size=6.57-9.3075,Font=Latin
(fontspec)             Modern Math,Style=MathScript},{Size=-6.57,Font=Latin
(fontspec)             Modern
(fontspec)             Math,Style=MathScriptScript}},FontAdjustment={\__um_luatex_copy_fontdimens:
(fontspec)             }].
(fontspec)              
(fontspec)              This font family consists of the following NFSS
(fontspec)             series/shapes:
(fontspec)              
(fontspec)             - 'normal' (m/n) with NFSS spec.:
(fontspec)             <9.3075->"LatinModernMath:mode=base;script=math;language=dflt;"<6.57-9.3075>"LatinModernMath:mode=base;script=math;language=dflt;+ssty=0;"<-6.57>"LatinModernMath:mode=base;script=math;language=dflt;+ssty=1;"
(fontspec)             - 'small caps'  (m/sc) with NFSS spec.: 
(fontspec)             and font adjustment code:
(fontspec)             \__um_luatex_copy_fontdimens: 

LaTeX Font Info:    Encoding `OT1' has changed to `TU' for symbol font
(Font)              `operators' in the math version `normal' on input line 53.
LaTeX Font Info:    Overwriting symbol font `operators' in version `normal'
(Font)                  OT1/cmr/m/n --> TU/LatinModernMath(1)/m/n on input line 53.
LaTeX Font Info:    Encoding `OT1' has changed to `TU' for symbol font
(Font)              `operators' in the math version `bold' on input line 53.
LaTeX Font Info:    Overwriting symbol font `operators' in version `bold'
(Font)                  OT1/cmr/bx/n --> TU/LatinModernMath(1)/b/n on input line 53.

Package fontspec Info: LatinModernMath scale = 1.0001.


Package fontspec Info: Could not resolve font "LatinModernMath/B" (it probably
(fontspec)             doesn't exist).


Package fontspec Info: LatinModernMath scale = 1.0001.


Package fontspec Info: LatinModernMath scale = 1.0001.


Package fontspec Info: LatinModernMath scale = 1.0001.


Package fontspec Info: Font family 'LatinModernMath(2)' created for font
(fontspec)             'Latin Modern Math' with options
(fontspec)             [Renderer=Basic,BoldItalicFont={},ItalicFont={},SmallCapsFont={},Script=Math,SizeFeatures={{Size=9.3075-},{Size=6.57-9.3075,Font=Latin
(fontspec)             Modern Math,Style=MathScript},{Size=-6.57,Font=Latin
(fontspec)             Modern
(fontspec)             Math,Style=MathScriptScript}},FontAdjustment={\__um_luatex_copy_fontdimens:
(fontspec)             },ScaleAgain=1.0001,FontAdjustment={\fontdimen 8\font
(fontspec)             =7.41315pt\relax \fontdimen 9\font =4.31429pt\relax
(fontspec)             \fontdimen 10\font =4.86179pt\relax \fontdimen 11\font
(fontspec)             =7.51169pt\relax \fontdimen 12\font =3.77774pt\relax
(fontspec)             \fontdimen 13\font =3.97484pt\relax \fontdimen 14\font
(fontspec)             =3.97484pt\relax \fontdimen 15\font =3.16454pt\relax
(fontspec)             \fontdimen 16\font =2.70464pt\relax \fontdimen 17\font
(fontspec)             =2.70464pt\relax \fontdimen 18\font =2.73749pt\relax
(fontspec)             \fontdimen 19\font =2.18999pt\relax \fontdimen 22\font
(fontspec)             =2.73749pt\relax \fontdimen 20\font =0pt\relax
(fontspec)             \fontdimen 21\font =0pt\relax }].
(fontspec)              
(fontspec)              This font family consists of the following NFSS
(fontspec)             series/shapes:
(fontspec)              
(fontspec)             - 'normal' (m/n) with NFSS spec.:
(fontspec)             <9.3075->s*[1.0001]"LatinModernMath:mode=base;script=math;language=dflt;"<6.57-9.3075>s*[1.0001]"LatinModernMath:mode=base;script=math;language=dflt;+ssty=0;"<-6.57>s*[1.0001]"LatinModernMath:mode=base;script=math;language=dflt;+ssty=1;"
(fontspec)             - 'small caps'  (m/sc) with NFSS spec.: 
(fontspec)             and font adjustment code:
(fontspec)             \__um_luatex_copy_fontdimens: \fontdimen 8\font
(fontspec)             =7.41315pt\relax \fontdimen 9\font =4.31429pt\relax
(fontspec)             \fontdimen 10\font =4.86179pt\relax \fontdimen 11\font
(fontspec)             =7.51169pt\relax \fontdimen 12\font =3.77774pt\relax
(fontspec)             \fontdimen 13\font =3.97484pt\relax \fontdimen 14\font
(fontspec)             =3.97484pt\relax \fontdimen 15\font =3.16454pt\relax
(fontspec)             \fontdimen 16\font =2.70464pt\relax \fontdimen 17\font
(fontspec)             =2.70464pt\relax \fontdimen 18\font =2.73749pt\relax
(fontspec)             \fontdimen 19\font =2.18999pt\relax \fontdimen 22\font
(fontspec)             =2.73749pt\relax \fontdimen 20\font =0pt\relax
(fontspec)             \fontdimen 21\font =0pt\relax 

LaTeX Font Info:    Encoding `OMS' has changed to `TU' for symbol font
(Font)              `symbols' in the math version `normal' on input line 53.
LaTeX Font Info:    Overwriting symbol font `symbols' in version `normal'
(Font)                  OMS/cmsy/m/n --> TU/LatinModernMath(2)/m/n on input line 53.
LaTeX Font Info:    Encoding `OMS' has changed to `TU' for symbol font
(Font)              `symbols' in the math version `bold' on input line 53.
LaTeX Font Info:    Overwriting symbol font `symbols' in version `bold'
(Font)                  OMS/cmsy/b/n --> TU/LatinModernMath(2)/b/n on input line 53.

Package fontspec Info: LatinModernMath scale = 0.9999.


Package fontspec Info: Could not resolve font "LatinModernMath/B" (it probably
(fontspec)             doesn't exist).


Package fontspec Info: LatinModernMath scale = 0.9999.


Package fontspec Info: LatinModernMath scale = 0.9999.


Package fontspec Info: LatinModernMath scale = 0.9999.


Package fontspec Info: Font family 'LatinModernMath(3)' created for font
(fontspec)             'Latin Modern Math' with options
(fontspec)             [Renderer=Basic,BoldItalicFont={},ItalicFont={},SmallCapsFont={},Script=Math,SizeFeatures={{Size=9.3075-},{Size=6.57-9.3075,Font=Latin
(fontspec)             Modern Math,Style=MathScript},{Size=-6.57,Font=Latin
(fontspec)             Modern
(fontspec)             Math,Style=MathScriptScript}},FontAdjustment={\__um_luatex_copy_fontdimens:
(fontspec)             },ScaleAgain=0.9999,FontAdjustment={\fontdimen 8\font
(fontspec)             =0.43799pt\relax \fontdimen 9\font =2.18999pt\relax
(fontspec)             \fontdimen 10\font =1.82864pt\relax \fontdimen 11\font
(fontspec)             =1.21544pt\relax \fontdimen 12\font =6.56999pt\relax
(fontspec)             \fontdimen 13\font =0pt\relax }].
(fontspec)              
(fontspec)              This font family consists of the following NFSS
(fontspec)             series/shapes:
(fontspec)              
(fontspec)             - 'normal' (m/n) with NFSS spec.:
(fontspec)             <9.3075->s*[0.9999]"LatinModernMath:mode=base;script=math;language=dflt;"<6.57-9.3075>s*[0.9999]"LatinModernMath:mode=base;script=math;language=dflt;+ssty=0;"<-6.57>s*[0.9999]"LatinModernMath:mode=base;script=math;language=dflt;+ssty=1;"
(fontspec)             - 'small caps'  (m/sc) with NFSS spec.: 
(fontspec)             and font adjustment code:
(fontspec)             \__um_luatex_copy_fontdimens: \fontdimen 8\font
(fontspec)             =0.43799pt\relax \fontdimen 9\font =2.18999pt\relax
(fontspec)             \fontdimen 10\font =1.82864pt\relax \fontdimen 11\font
(fontspec)             =1.21544pt\relax \fontdimen 12\font =6.56999pt\relax
(fontspec)             \fontdimen 13\font =0pt\relax 

LaTeX Font Info:    Encoding `OMX' has changed to `TU' for symbol font
(Font)              `largesymbols' in the math version `normal' on input line 53.
LaTeX Font Info:    Overwriting symbol font `largesymbols' in version `normal'
(Font)                  OMX/cmex/m/n --> TU/LatinModernMath(3)/m/n on input line 53.
LaTeX Font Info:    Encoding `OMX' has changed to `TU' for symbol font
(Font)              `largesymbols' in the math version `bold' on input line 53.
LaTeX Font Info:    Overwriting symbol font `largesymbols' in version `bold'
(Font)                  OMX/cmex/m/n --> TU/LatinModernMath(3)/b/n on input line 53.
LaTeX Font Info:    Font shape `TU/LatinModernMath(2)/m/n' will be
(Font)              scaled to size 10.95116pt on input line 53.
LaTeX Font Info:    Font shape `TU/LatinModernMath(2)/m/n' will be
(Font)              scaled to size 7.6658pt on input line 53.
LaTeX Font Info:    Font shape `TU/LatinModernMath(2)/m/n' will be
(Font)              scaled to size 5.47559pt on input line 53.
LaTeX Font Info:    Font shape `TU/LatinModernMath(3)/m/n' will be
(Font)              scaled to size 10.94882pt on input line 53.
LaTeX Font Info:    Font shape `TU/LatinModernMath(3)/m/n' will be
(Font)              scaled to size 7.66417pt on input line 53.
LaTeX Font Info:    Font shape `TU/LatinModernMath(3)/m/n' will be
(Font)              scaled to size 5.47441pt on input line 53.
LaTeX Font Info:    Trying to load font information for U+msa on input line 53.
 (/home/jonas/.local/texlive/2020/texmf-dist/tex/latex/amsfonts/umsa.fd
File: umsa.fd 2013/01/14 v3.01 AMS symbols A
)
LaTeX Font Info:    Trying to load font information for U+msb on input line 53.
 (/home/jonas/.local/texlive/2020/texmf-dist/tex/latex/amsfonts/umsb.fd
File: umsb.fd 2013/01/14 v3.01 AMS symbols B
)

Package fontspec Info: Font family 'XITSMath(0)' created for font 'XITS Math'
(fontspec)             with options
(fontspec)             [Renderer=Basic,BoldItalicFont={},ItalicFont={},SmallCapsFont={},Script=Math,SizeFeatures={{Size=9.3075-},{Size=6.57-9.3075,Font=XITS
(fontspec)             Math,Style=MathScript},{Size=-6.57,Font=XITS
(fontspec)             Math,Style=MathScriptScript}},FontAdjustment={\__um_luatex_copy_fontdimens:
(fontspec)             }].
(fontspec)              
(fontspec)              This font family consists of the following NFSS
(fontspec)             series/shapes:
(fontspec)              
(fontspec)             - 'normal' (m/n) with NFSS spec.:
(fontspec)             <9.3075->"XITSMath:mode=base;script=math;language=dflt;"<6.57-9.3075>"XITSMath:mode=base;script=math;language=dflt;+ssty=0;"<-6.57>"XITSMath:mode=base;script=math;language=dflt;+ssty=1;"
(fontspec)             - 'small caps'  (m/sc) with NFSS spec.: 
(fontspec)             and font adjustment code:
(fontspec)             \__um_luatex_copy_fontdimens: 
(fontspec)             - 'bold' (b/n) with NFSS spec.:
(fontspec)             <->"XITSMath/B:mode=base;script=math;language=dflt;"
(fontspec)             - 'bold small caps'  (b/sc) with NFSS spec.: 
(fontspec)             and font adjustment code:
(fontspec)             \__um_luatex_copy_fontdimens: 

\sym__um_fam1=\mathgroup6
LaTeX Font Info:    Overwriting symbol font `__um_fam1' in version `normal'
(Font)                  TU/XITSMath(0)/m/n --> TU/XITSMath(0)/m/n on input line 54.
LaTeX Font Info:    Overwriting symbol font `__um_fam1' in version `bold'
(Font)                  TU/XITSMath(0)/m/n --> TU/XITSMath(0)/b/n on input line 54.

Package fontspec Info: Font family 'XITSMath(1)' created for font 'XITS Math'
(fontspec)             with options
(fontspec)             [Renderer=Basic,BoldItalicFont={},ItalicFont={},SmallCapsFont={},Script=Math,SizeFeatures={{Size=9.3075-},{Size=6.57-9.3075,Font=XITS
(fontspec)             Math,Style=MathScript},{Size=-6.57,Font=XITS
(fontspec)             Math,Style=MathScriptScript}},FontAdjustment={\__um_luatex_copy_fontdimens:
(fontspec)             },StylisticSet={1}].
(fontspec)              
(fontspec)              This font family consists of the following NFSS
(fontspec)             series/shapes:
(fontspec)              
(fontspec)             - 'normal' (m/n) with NFSS spec.:
(fontspec)             <9.3075->"XITSMath:mode=base;script=math;language=dflt;+ss01;"<6.57-9.3075>"XITSMath:mode=base;script=math;language=dflt;+ss01;+ssty=0;"<-6.57>"XITSMath:mode=base;script=math;language=dflt;+ss01;+ssty=1;"
(fontspec)             - 'small caps'  (m/sc) with NFSS spec.: 
(fontspec)             and font adjustment code:
(fontspec)             \__um_luatex_copy_fontdimens: 
(fontspec)             - 'bold' (b/n) with NFSS spec.:
(fontspec)             <->"XITSMath/B:mode=base;script=math;language=dflt;+ss01;"
(fontspec)             - 'bold small caps'  (b/sc) with NFSS spec.: 
(fontspec)             and font adjustment code:
(fontspec)             \__um_luatex_copy_fontdimens: 

\sym__um_fam2=\mathgroup7
LaTeX Font Info:    Overwriting symbol font `__um_fam2' in version `normal'
(Font)                  TU/XITSMath(1)/m/n --> TU/XITSMath(1)/m/n on input line 55.
LaTeX Font Info:    Overwriting symbol font `__um_fam2' in version `bold'
(Font)                  TU/XITSMath(1)/m/n --> TU/XITSMath(1)/b/n on input line 55.
 (/home/jonas/.local/texlive/2020/texmf-dist/tex/latex/siunitx/siunitx.sty
Package: siunitx 2020/02/25 v2.8b A comprehensive (SI) units package
 (/home/jonas/.local/texlive/2020/texmf-dist/tex/latex/tools/array.sty
Package: array 2019/08/31 v2.4l Tabular extension package (FMi)
\col@sep=\dimen157
\ar@mcellbox=\box51
\extrarowheight=\dimen158
\NC@list=\toks24
\extratabsurround=\skip70
\backup@length=\skip71
\ar@cellbox=\box52
)
\l__siunitx_tmp_box=\box53
\l__siunitx_tmp_dim=\dimen159
\l__siunitx_tmp_int=\count276
\l__siunitx_number_mantissa_length_int=\count277
\l__siunitx_number_uncert_length_int=\count278
\l__siunitx_round_int=\count279
\l__siunitx_process_decimal_int=\count280
\l__siunitx_process_uncertainty_int=\count281
\l__siunitx_process_fixed_int=\count282
\l__siunitx_process_integer_min_int=\count283
\l__siunitx_process_precision_int=\count284
\l__siunitx_group_min_int=\count285
\l__siunitx_angle_marker_box=\box54
\l__siunitx_angle_unit_box=\box55
\l__siunitx_angle_marker_dim=\dimen160
\l__siunitx_angle_unit_dim=\dimen161
\l__siunitx_unit_int=\count286
\l__siunitx_unit_denominator_int=\count287
\l__siunitx_unit_numerator_int=\count288
\l__siunitx_unit_prefix_int=\count289
\l__siunitx_unit_prefix_base_int=\count290
\l__siunitx_unit_prefix_gram_int=\count291
\l__siunitx_number_product_int=\count292
\c__siunitx_one_fill_skip=\skip72
\l__siunitx_table_unit_align_skip=\skip73
\l__siunitx_table_exponent_dim=\dimen162
\l__siunitx_table_integer_dim=\dimen163
\l__siunitx_table_mantissa_dim=\dimen164
\l__siunitx_table_marker_dim=\dimen165
\l__siunitx_table_result_dim=\dimen166
\l__siunitx_table_uncert_dim=\dimen167
\l__siunitx_table_fill_pre_dim=\dimen168
\l__siunitx_table_fill_post_dim=\dimen169
\l__siunitx_table_fill_mid_dim=\dimen170
\l__siunitx_table_pre_box=\box56
\l__siunitx_table_post_box=\box57
\l__siunitx_table_mantissa_box=\box58
\l__siunitx_table_result_box=\box59
\l__siunitx_table_number_align_skip=\skip74
\l__siunitx_table_text_align_skip=\skip75
 (/home/jonas/.local/texlive/2020/texmf-dist/tex/latex/translator/translator.sty
Package: translator 2019-05-31 v1.12a Easy translation of strings in LaTeX
)) (/home/jonas/.local/texlive/2020/texmf-dist/tex/latex/mhchem/mhchem.sty
Package: mhchem 2018/06/22 v4.08 for typesetting chemical formulae
 (/home/jonas/.local/texlive/2020/texmf-dist/tex/latex/chemgreek/chemgreek.sty
Package: chemgreek 2020/01/16 v1.1a interface for upright Greek letters for use in chemistry (CN)
\l__chemgreek_tmpa_int=\count293
\g__chemgreek_tmpa_int=\count294
) (/home/jonas/.local/texlive/2020/texmf-dist/tex/latex/graphics/graphics.sty
Package: graphics 2019/11/30 v1.4a Standard LaTeX Graphics (DPC,SPQR)
 (/home/jonas/.local/texlive/2020/texmf-dist/tex/latex/graphics/trig.sty
Package: trig 2016/01/03 v1.10 sin cos tan (DPC)
) (/home/jonas/.local/texlive/2020/texmf-dist/tex/latex/graphics-cfg/graphics.cfg
File: graphics.cfg 2016/06/04 v1.11 sample graphics configuration
)
Package graphics Info: Driver file: luatex.def on input line 105.
 (/home/jonas/.local/texlive/2020/texmf-dist/tex/latex/graphics-def/luatex.def
File: luatex.def 2018/01/08 v1.0l Graphics/color driver for luatex
))
\l__mhchem_ce_distanceFromLastComma_int=\count295
\__mhchem_arrow_extPgfLength_skip=\skip76
\mhchem@minispace@tmp=\skip77
\mhchem@minibackspace@tmp=\skip78
\mhchem@bondwidth=\skip79
\mhchem@bondheight=\skip80
\mhchem@smallbondwidth@tmpA=\skip81
\mhchem@smallbondwidth@tmpB=\skip82
\mhchem@smallbondwidth=\skip83
\mhchem@bondtmp@minussidebearingleft=\skip84
\mhchem@bondtmp@minussidebearingright=\skip85
\l__mhchem_option_version_int=\count296
\mhchem@option@minusmathsidebearingleft=\dimen171
\mhchem@option@minusmathsidebearingright=\dimen172
\mhchem@option@minustextsidebearingleft=\dimen173
\mhchem@option@minustextsidebearingright=\dimen174
) (/home/jonas/.local/texlive/2020/texmf-dist/tex/latex/csquotes/csquotes.sty
Package: csquotes 2019-12-06 v5.2j context-sensitive quotations (JAW)
\csq@reset=\count297
\csq@gtype=\count298
\csq@glevel=\count299
\csq@qlevel=\count300
\csq@maxlvl=\count301
\csq@tshold=\count302
\csq@ltx@everypar=\toks25
 (/home/jonas/.local/texlive/2020/texmf-dist/tex/latex/csquotes/csquotes.def
File: csquotes.def 2019-12-06 v5.2j csquotes generic definitions (JAW)
)
Package csquotes Info: Trying to load configuration file 'csquotes.cfg'...
Package csquotes Info: ... configuration file loaded successfully.
 (/home/jonas/.local/texlive/2020/texmf-dist/tex/latex/csquotes/csquotes.cfg
File: csquotes.cfg 
)
Package csquotes Info: Enabling multilingual quotes.
) (/home/jonas/.local/texlive/2020/texmf-dist/tex/latex/l3packages/xfrac/xfrac.sty (/home/jonas/.local/texlive/2020/texmf-dist/tex/latex/graphics/graphicx.sty
Package: graphicx 2019/11/30 v1.2a Enhanced LaTeX Graphics (DPC,SPQR)
\Gin@req@height=\dimen175
\Gin@req@width=\dimen176
) (/home/jonas/.local/texlive/2020/texmf-dist/tex/latex/base/textcomp.sty
Package: textcomp 2020/02/02 v2.0n Standard LaTeX package
) (/home/jonas/.local/texlive/2020/texmf-dist/tex/latex/l3packages/xtemplate/xtemplate.sty
Package: xtemplate 2020-03-06 L3 Experimental prototype document functions
\l__xtemplate_tmp_dim=\dimen177
\l__xtemplate_tmp_int=\count303
\l__xtemplate_tmp_muskip=\muskip18
\l__xtemplate_tmp_skip=\skip86
)
Package: xfrac 2020-03-06 L3 Experimental split-level fractions
\l__xfrac_slash_box=\box60
\l__xfrac_tmp_box=\box61
\l__xfrac_denominator_bot_sep_dim=\dimen178
\l__xfrac_numerator_bot_sep_dim=\dimen179
\l__xfrac_numerator_top_sep_dim=\dimen180
\l__xfrac_slash_left_sep_dim=\dimen181
\l__xfrac_slash_right_sep_dim=\dimen182
\l__xfrac_slash_left_muskip=\muskip19
\l__xfrac_slash_right_muskip=\muskip20

Package xtemplate Info: Declaring object type 'xfrac' taking 3 argument(s) on
(xtemplate)             line 80.

) (/home/jonas/.local/texlive/2020/texmf-dist/tex/latex/float/float.sty
Package: float 2001/11/08 v1.3d Float enhancements (AL)
\c@float@type=\count304
\float@exts=\toks26
\float@box=\box62
\@float@everytoks=\toks27
\@floatcapt=\box63
)
Package scrhack Info: loading float hack on input line 79.
 (/home/jonas/.local/texlive/2020/texmf-dist/tex/latex/koma-script/float.hak
File: float.hak 2020/01/24 v3.29 KOMA-Script scrhack part (hacking package float)
Package scrhack Info: redefining \newfloat on input line 163.
Package scrhack Info: redefining \listof on input line 163.
Package scrhack Info: undefining \float@addtolists on input line 163.
) (/home/jonas/.local/texlive/2020/texmf-dist/tex/latex/placeins/placeins.sty
Package: placeins 2005/04/18  v 2.2
) (/home/jonas/.local/texlive/2020/texmf-dist/tex/latex/pdflscape/pdflscape.sty
Package: pdflscape 2019/12/05 v0.12 Display of landscape pages in PDF (HO)
 (/home/jonas/.local/texlive/2020/texmf-dist/tex/latex/graphics/lscape.sty
Package: lscape 2000/10/22 v3.01 Landscape Pages (DPC)
)
Package scrhack Info: loading lscape hack on input line 77.
 (/home/jonas/.local/texlive/2020/texmf-dist/tex/latex/koma-script/lscape.hak
File: lscape.hak 2020/01/24 v3.29 KOMA-Script scrhack part (hacking package lscape)
Package scrhack Info: \landscape patched to make \textheight change optional on input line 90.
\scrh@LT@textheight=\skip87
)
Package pdflscape Info: Auto-detected driver: pdftex on input line 81.
) (/home/jonas/.local/texlive/2020/texmf-dist/tex/latex/caption/caption.sty
Package: caption 2020/01/03 v3.4h Customizing captions (AR)
 (/home/jonas/.local/texlive/2020/texmf-dist/tex/latex/caption/caption3.sty
Package: caption3 2020/01/03 v1.8h caption3 kernel (AR)
Package caption3 Info: TeX engine: e-TeX on input line 61.
\captionmargin=\dimen183
\captionmargin@=\dimen184
\captionwidth=\dimen185
\caption@tempdima=\dimen186
\caption@indent=\dimen187
\caption@parindent=\dimen188
\caption@hangindent=\dimen189
Package caption Info: KOMA-Script document class detected.
)
Package caption Info: KOMA-Script document class.
\c@caption@flags=\count305
\c@continuedfloat=\count306
Package caption Info: float package is loaded.
) (/home/jonas/.local/texlive/2020/texmf-dist/tex/latex/caption/subcaption.sty
Package: subcaption 2020/01/22 v1.3d Sub-captions (AR)
\c@subfigure=\count307
\c@subtable=\count308
) (/home/jonas/.local/texlive/2020/texmf-dist/tex/latex/grffile/grffile.sty
Package: grffile 2019/11/11 v2.1 Extended file name support for graphics (legacy)
Package grffile Info: This package is an empty stub for compatibility on input line 40.
) (/home/jonas/.local/texlive/2020/texmf-dist/tex/latex/booktabs/booktabs.sty
Package: booktabs 2020/01/12 v1.61803398 Publication quality tables
\heavyrulewidth=\dimen190
\lightrulewidth=\dimen191
\cmidrulewidth=\dimen192
\belowrulesep=\dimen193
\belowbottomsep=\dimen194
\aboverulesep=\dimen195
\abovetopsep=\dimen196
\cmidrulesep=\dimen197
\cmidrulekern=\dimen198
\defaultaddspace=\dimen199
\@cmidla=\count309
\@cmidlb=\count310
\@aboverulesep=\dimen256
\@belowrulesep=\dimen257
\@thisruleclass=\count311
\@lastruleclass=\count312
\@thisrulewidth=\dimen258
) (/home/jonas/.local/texlive/2020/texmf-dist/tex/latex/microtype/microtype.sty
Package: microtype 2019/11/18 v2.7d Micro-typographical refinements (RS)
\MT@toks=\toks28
\MT@count=\count313
LaTeX Info: Redefining \textls on input line 790.
\MT@outer@kern=\dimen259
LaTeX Info: Redefining \textmicrotypecontext on input line 1354.
\MT@listname@count=\count314
 (/home/jonas/.local/texlive/2020/texmf-dist/tex/latex/microtype/microtype-luatex.def
File: microtype-luatex.def 2019/11/18 v2.7d Definitions specific to luatex (RS)
Module microtype Info: overwriting function `keepligature' on input line 59
LaTeX Info: Redefining \lsstyle on input line 695.
LaTeX Info: Redefining \lslig on input line 695.
\MT@outer@space=\skip88
)
Package microtype Info: Loading configuration file microtype.cfg.
 (/home/jonas/.local/texlive/2020/texmf-dist/tex/latex/microtype/microtype.cfg
File: microtype.cfg 2019/11/18 v2.7d microtype main configuration file (RS)
)) (/home/jonas/.local/texlive/2020/texmf-dist/tex/latex/biblatex/biblatex.sty
Package: biblatex 2019/12/01 v3.14 programmable bibliographies (PK/MW)
 (/home/jonas/.local/texlive/2020/texmf-dist/tex/latex/logreq/logreq.sty
Package: logreq 2010/08/04 v1.0 xml request logger
\lrq@indent=\count315
 (/home/jonas/.local/texlive/2020/texmf-dist/tex/latex/logreq/logreq.def
File: logreq.def 2010/08/04 v1.0 logreq spec v1.0
)) (/home/jonas/.local/texlive/2020/texmf-dist/tex/latex/base/ifthen.sty
Package: ifthen 2014/09/29 v1.1c Standard LaTeX ifthen package (DPC)
) (/home/jonas/.local/texlive/2020/texmf-dist/tex/latex/url/url.sty
\Urlmuskip=\muskip21
Package: url 2013/09/16  ver 3.4  Verb mode for urls, etc.
)
\c@tabx@nest=\count316
\c@listtotal=\count317
\c@listcount=\count318
\c@liststart=\count319
\c@liststop=\count320
\c@citecount=\count321
\c@citetotal=\count322
\c@multicitecount=\count323
\c@multicitetotal=\count324
\c@instcount=\count325
\c@maxnames=\count326
\c@minnames=\count327
\c@maxitems=\count328
\c@minitems=\count329
\c@citecounter=\count330
\c@maxcitecounter=\count331
\c@savedcitecounter=\count332
\c@uniquelist=\count333
\c@uniquename=\count334
\c@refsection=\count335
\c@refsegment=\count336
\c@maxextratitle=\count337
\c@maxextratitleyear=\count338
\c@maxextraname=\count339
\c@maxextradate=\count340
\c@maxextraalpha=\count341
\c@abbrvpenalty=\count342
\c@highnamepenalty=\count343
\c@lownamepenalty=\count344
\c@maxparens=\count345
\c@parenlevel=\count346
\blx@tempcnta=\count347
\blx@tempcntb=\count348
\blx@tempcntc=\count349
\blx@maxsection=\count350
\blx@maxsegment@0=\count351
\blx@notetype=\count352
\blx@parenlevel@text=\count353
\blx@parenlevel@foot=\count354
\blx@sectionciteorder@0=\count355
\blx@entrysetcounter=\count356
\labelnumberwidth=\skip89
\labelalphawidth=\skip90
\biblabelsep=\skip91
\bibitemsep=\skip92
\bibnamesep=\skip93
\bibinitsep=\skip94
\bibparsep=\skip95
\bibhang=\skip96
\blx@bcfin=\read2
\blx@bcfout=\write3
\blx@langwohyphens=\language3
\c@mincomprange=\count357
\c@maxcomprange=\count358
\c@mincompwidth=\count359
Package biblatex Info: Trying to load biblatex default data model...
Package biblatex Info: ... file 'blx-dm.def' found.
 (/home/jonas/.local/texlive/2020/texmf-dist/tex/latex/biblatex/blx-dm.def
File: blx-dm.def 2019/12/01 v3.14 biblatex localization (PK/MW)
)
Package biblatex Info: Trying to load biblatex custom data model...
Package biblatex Info: ... file 'biblatex-dm.cfg' not found.
\c@afterword=\count360
\c@savedafterword=\count361
\c@annotator=\count362
\c@savedannotator=\count363
\c@author=\count364
\c@savedauthor=\count365
\c@bookauthor=\count366
\c@savedbookauthor=\count367
\c@commentator=\count368
\c@savedcommentator=\count369
\c@editor=\count370
\c@savededitor=\count371
\c@editora=\count372
\c@savededitora=\count373
\c@editorb=\count374
\c@savededitorb=\count375
\c@editorc=\count376
\c@savededitorc=\count377
\c@foreword=\count378
\c@savedforeword=\count379
\c@holder=\count380
\c@savedholder=\count381
\c@introduction=\count382
\c@savedintroduction=\count383
\c@namea=\count384
\c@savednamea=\count385
\c@nameb=\count386
\c@savednameb=\count387
\c@namec=\count388
\c@savednamec=\count389
\c@translator=\count390
\c@savedtranslator=\count391
\c@shortauthor=\count392
\c@savedshortauthor=\count393
\c@shorteditor=\count394
\c@savedshorteditor=\count395
\c@labelname=\count396
\c@savedlabelname=\count397
\c@institution=\count398
\c@savedinstitution=\count399
\c@lista=\count400
\c@savedlista=\count401
\c@listb=\count402
\c@savedlistb=\count403
\c@listc=\count404
\c@savedlistc=\count405
\c@listd=\count406
\c@savedlistd=\count407
\c@liste=\count408
\c@savedliste=\count409
\c@listf=\count410
\c@savedlistf=\count411
\c@location=\count412
\c@savedlocation=\count413
\c@organization=\count414
\c@savedorganization=\count415
\c@origlocation=\count416
\c@savedoriglocation=\count417
\c@origpublisher=\count418
\c@savedorigpublisher=\count419
\c@publisher=\count420
\c@savedpublisher=\count421
\c@language=\count422
\c@savedlanguage=\count423
\c@origlanguage=\count424
\c@savedoriglanguage=\count425
\c@pageref=\count426
\c@savedpageref=\count427
\shorthandwidth=\skip97
\shortjournalwidth=\skip98
\shortserieswidth=\skip99
\shorttitlewidth=\skip100
\shortauthorwidth=\skip101
\shorteditorwidth=\skip102
\locallabelnumberwidth=\skip103
\locallabelalphawidth=\skip104
\localshorthandwidth=\skip105
\localshortjournalwidth=\skip106
\localshortserieswidth=\skip107
\localshorttitlewidth=\skip108
\localshortauthorwidth=\skip109
\localshorteditorwidth=\skip110
Package biblatex Info: Trying to load enhanced support for Unicode engines...
Package biblatex Info: ... file 'blx-unicode.def' found.
 (/home/jonas/.local/texlive/2020/texmf-dist/tex/latex/biblatex/blx-unicode.def)
Package biblatex Info: Trying to load compatibility code...
Package biblatex Info: ... file 'blx-compat.def' found.
 (/home/jonas/.local/texlive/2020/texmf-dist/tex/latex/biblatex/blx-compat.def
File: blx-compat.def 2019/12/01 v3.14 biblatex compatibility (PK/MW)
)
Package biblatex Info: Trying to load generic definitions...
Package biblatex Info: ... file 'biblatex.def' found.
 (/home/jonas/.local/texlive/2020/texmf-dist/tex/latex/biblatex/biblatex.def
File: biblatex.def 2019/12/01 v3.14 biblatex compatibility (PK/MW)
\c@textcitecount=\count428
\c@textcitetotal=\count429
\c@textcitemaxnames=\count430
\c@biburlbigbreakpenalty=\count431
\c@biburlbreakpenalty=\count432
\c@biburlnumpenalty=\count433
\c@biburlucpenalty=\count434
\c@biburllcpenalty=\count435
\biburlbigskip=\muskip22
\biburlnumskip=\muskip23
\biburlucskip=\muskip24
\biburllcskip=\muskip25
\c@smartand=\count436
)
Package biblatex Info: Trying to load bibliography style 'numeric'...
Package biblatex Info: ... file 'numeric.bbx' found.
 (/home/jonas/.local/texlive/2020/texmf-dist/tex/latex/biblatex/bbx/numeric.bbx
File: numeric.bbx 2019/12/01 v3.14 biblatex bibliography style (PK/MW)
Package biblatex Info: Trying to load bibliography style 'standard'...
Package biblatex Info: ... file 'standard.bbx' found.
 (/home/jonas/.local/texlive/2020/texmf-dist/tex/latex/biblatex/bbx/standard.bbx
File: standard.bbx 2019/12/01 v3.14 biblatex bibliography style (PK/MW)
\c@bbx:relatedcount=\count437
\c@bbx:relatedtotal=\count438
))
Package biblatex Info: Trying to load citation style 'numeric'...
Package biblatex Info: ... file 'numeric.cbx' found.
 (/home/jonas/.local/texlive/2020/texmf-dist/tex/latex/biblatex/cbx/numeric.cbx
File: numeric.cbx 2019/12/01 v3.14 biblatex citation style (PK/MW)
Package biblatex Info: Redefining '\cite'.
Package biblatex Info: Redefining '\parencite'.
Package biblatex Info: Redefining '\footcite'.
Package biblatex Info: Redefining '\footcitetext'.
Package biblatex Info: Redefining '\smartcite'.
Package biblatex Info: Redefining '\supercite'.
Package biblatex Info: Redefining '\textcite'.
Package biblatex Info: Redefining '\textcites'.
Package biblatex Info: Redefining '\cites'.
Package biblatex Info: Redefining '\parencites'.
Package biblatex Info: Redefining '\smartcites'.
)
Package biblatex Info: Trying to load configuration file...
Package biblatex Info: ... file 'biblatex.cfg' found.
 (/home/jonas/.local/texlive/2020/texmf-dist/tex/latex/biblatex/biblatex.cfg
File: biblatex.cfg 
))
Package scrhack Info: hyperref hack deactivated because of
(scrhack)             detection of KOMA-Script class, that doesn't
(scrhack)             need that hack, on input line 127.
 (/home/jonas/.local/texlive/2020/texmf-dist/tex/latex/hyperref/hyperref.sty
Package: hyperref 2020/01/14 v7.00d Hypertext links for LaTeX
 (/home/jonas/.local/texlive/2020/texmf-dist/tex/generic/kvdefinekeys/kvdefinekeys.sty
Package: kvdefinekeys 2019-12-19 v1.6 Define keys (HO)
) (/home/jonas/.local/texlive/2020/texmf-dist/tex/generic/pdfescape/pdfescape.sty
Package: pdfescape 2019/12/09 v1.15 Implements pdfTeX's escape features (HO)
) (/home/jonas/.local/texlive/2020/texmf-dist/tex/latex/hycolor/hycolor.sty
Package: hycolor 2020-01-27 v1.10 Color options for hyperref/bookmark (HO)
) (/home/jonas/.local/texlive/2020/texmf-dist/tex/latex/letltxmacro/letltxmacro.sty
Package: letltxmacro 2019/12/03 v1.6 Let assignment for LaTeX macros (HO)
) (/home/jonas/.local/texlive/2020/texmf-dist/tex/latex/auxhook/auxhook.sty
Package: auxhook 2019-12-17 v1.6 Hooks for auxiliary files (HO)
)
\@linkdim=\dimen260
\Hy@linkcounter=\count439
\Hy@pagecounter=\count440
 (/home/jonas/.local/texlive/2020/texmf-dist/tex/latex/hyperref/pd1enc.def
File: pd1enc.def 2020/01/14 v7.00d Hyperref: PDFDocEncoding definition (HO)
) (/home/jonas/.local/texlive/2020/texmf-dist/tex/generic/intcalc/intcalc.sty
Package: intcalc 2019/12/15 v1.3 Expandable calculations with integers (HO)
) (/home/jonas/.local/texlive/2020/texmf-dist/tex/generic/etexcmds/etexcmds.sty
Package: etexcmds 2019/12/15 v1.7 Avoid name clashes with e-TeX commands (HO)
)
\Hy@SavedSpaceFactor=\count441
Package hyperref Info: Option `unicode' set `true' on input line 4421.
 (/home/jonas/.local/texlive/2020/texmf-dist/tex/latex/hyperref/puenc.def
File: puenc.def 2020/01/14 v7.00d Hyperref: PDF Unicode definition (HO)
)
Package hyperref Info: Option `pdfusetitle' set `true' on input line 4421.
Package hyperref Info: Hyper figures OFF on input line 4547.
Package hyperref Info: Link nesting OFF on input line 4552.
Package hyperref Info: Hyper index ON on input line 4555.
Package hyperref Info: Plain pages OFF on input line 4562.
Package hyperref Info: Backreferencing OFF on input line 4567.
Package hyperref Info: Implicit mode ON; LaTeX internals redefined.
Package hyperref Info: Bookmarks ON on input line 4800.
\c@Hy@tempcnt=\count442
LaTeX Info: Redefining \url on input line 5159.
\XeTeXLinkMargin=\dimen261
 (/home/jonas/.local/texlive/2020/texmf-dist/tex/generic/bitset/bitset.sty
Package: bitset 2019/12/09 v1.3 Handle bit-vector datatype (HO)
)
\Fld@menulength=\count443
\Field@Width=\dimen262
\Fld@charsize=\dimen263
Package hyperref Info: Hyper figures OFF on input line 6430.
Package hyperref Info: Link nesting OFF on input line 6435.
Package hyperref Info: Hyper index ON on input line 6438.
Package hyperref Info: backreferencing OFF on input line 6445.
Package hyperref Info: Link coloring OFF on input line 6450.
Package hyperref Info: Link coloring with OCG OFF on input line 6455.
Package hyperref Info: PDF/A mode OFF on input line 6460.
LaTeX Info: Redefining \ref on input line 6500.
LaTeX Info: Redefining \pageref on input line 6504.
 (/home/jonas/.local/texlive/2020/texmf-dist/tex/generic/atbegshi/atbegshi.sty
Package: atbegshi 2019/12/05 v1.19 At begin shipout hook (HO)
)
\Hy@abspage=\count444
\c@Item=\count445
\c@Hfootnote=\count446
)
Package hyperref Info: Driver (autodetected): hluatex.
 (/home/jonas/.local/texlive/2020/texmf-dist/tex/latex/hyperref/hluatex.def
File: hluatex.def 2020/01/14 v7.00d Hyperref driver for luaTeX
 (/home/jonas/.local/texlive/2020/texmf-dist/tex/generic/stringenc/stringenc.sty
Package: stringenc 2019/11/29 v1.12 Convert strings between diff. encodings (HO)
)
\Fld@listcount=\count447
\c@bookmark@seq@number=\count448
\Hy@SectionHShift=\skip111
) (/home/jonas/.local/texlive/2020/texmf-dist/tex/latex/bookmark/bookmark.sty
Package: bookmark 2019/12/03 v1.28 PDF bookmarks (HO)
 (/home/jonas/.local/texlive/2020/texmf-dist/tex/latex/bookmark/bkm-pdftex.def
File: bkm-pdftex.def 2019/12/03 v1.28 bookmark driver for pdfTeX (HO)
\BKM@id=\count449
)) (/home/jonas/.local/texlive/2020/texmf-dist/tex/latex/ncctools/extdash.sty
Package: extdash 2018/06/24 v1.3 Extended Dash Package (NCC)
))
Package csquotes Info: Checking for multilingual support...
Package csquotes Info: ... found 'polyglossia' package.
 (./build/main.aux
LaTeX Info: Redefining \rmfamily on input line 26.
LaTeX Info: Redefining \sffamily on input line 26.
LaTeX Info: Redefining \ttfamily on input line 26.
Module polyglossia Info: Language data for ngerman
(polyglossia)            loader	loadhyph-de-1996.tex
(polyglossia)            lefthyphenmin	2
(polyglossia)            righthyphenmin	2
(polyglossia)            hyphenation	
(polyglossia)            patterns	hyph-de-1996.pat.txt
(polyglossia)            synonyms	 on input line 26
Module polyglossia Info: Language ngerman was not yet loaded; created with id 4 on input line 26


LaTeX Warning: Label `fig:Austausch_75' multiply defined.

)
\openout1 = main.aux

LaTeX Font Info:    Checking defaults for OML/cmm/m/it on input line 11.
LaTeX Font Info:    ... okay on input line 11.
LaTeX Font Info:    Checking defaults for OMS/cmsy/m/n on input line 11.
LaTeX Font Info:    ... okay on input line 11.
LaTeX Font Info:    Checking defaults for OT1/cmr/m/n on input line 11.
LaTeX Font Info:    ... okay on input line 11.
LaTeX Font Info:    Checking defaults for T1/cmr/m/n on input line 11.
LaTeX Font Info:    ... okay on input line 11.
LaTeX Font Info:    Checking defaults for TS1/cmr/m/n on input line 11.
LaTeX Font Info:    ... okay on input line 11.
LaTeX Font Info:    Checking defaults for TU/lmr/m/n on input line 11.
LaTeX Font Info:    ... okay on input line 11.
LaTeX Font Info:    Checking defaults for OMX/cmex/m/n on input line 11.
LaTeX Font Info:    ... okay on input line 11.
LaTeX Font Info:    Checking defaults for U/cmr/m/n on input line 11.
LaTeX Font Info:    ... okay on input line 11.
LaTeX Font Info:    Checking defaults for PD1/pdf/m/n on input line 11.
LaTeX Font Info:    ... okay on input line 11.
LaTeX Font Info:    Checking defaults for PU/pdf/m/n on input line 11.
LaTeX Font Info:    ... okay on input line 11.
Package scrbase Info: activating german \contentsname on input line 11.
Package scrbase Info: activating german \listfigurename on input line 11.
Package scrbase Info: activating german \listtablename on input line 11.
LaTeX Font Info:    Overwriting math alphabet `\mathrm' in version `normal'
(Font)                  TU/LatinModernMath(1)/m/n --> TU/lmr/m/n on input line 11.
LaTeX Font Info:    Overwriting math alphabet `\mathit' in version `normal'
(Font)                  OT1/cmr/m/it --> TU/lmr/m/it on input line 11.
LaTeX Font Info:    Overwriting math alphabet `\mathbf' in version `normal'
(Font)                  OT1/cmr/bx/n --> TU/lmr/bx/n on input line 11.
LaTeX Font Info:    Overwriting math alphabet `\mathsf' in version `normal'
(Font)                  OT1/cmss/m/n --> TU/lmss/m/n on input line 11.
LaTeX Font Info:    Overwriting math alphabet `\mathsf' in version `bold'
(Font)                  OT1/cmss/bx/n --> TU/lmss/bx/n on input line 11.
LaTeX Font Info:    Overwriting math alphabet `\mathtt' in version `normal'
(Font)                  OT1/cmtt/m/n --> TU/lmtt/m/n on input line 11.
LaTeX Font Info:    Overwriting math alphabet `\mathtt' in version `bold'
(Font)                  OT1/cmtt/m/n --> TU/lmtt/bx/n on input line 11.
 (/home/jonas/.local/texlive/2020/texmf-dist/tex/latex/translator/translator-basic-dictionary-English.dict
Dictionary: translator-basic-dictionary, Language: English 
) (/home/jonas/.local/texlive/2020/texmf-dist/tex/latex/siunitx/siunitx-abbreviations.cfg
File: siunitx-abbreviations.cfg 2017/11/26 v2.7k siunitx: Abbreviated units
)

Package chemgreek Info: Activating mapping `fontspec' on line 11.

 (/home/jonas/.local/texlive/2020/texmf-dist/tex/context/base/mkii/supp-pdf.mkii
[Loading MPS to PDF converter (version 2006.09.02).]
\scratchcounter=\count450
\scratchdimen=\dimen264
\scratchbox=\box64
\nofMPsegments=\count451
\nofMParguments=\count452
\everyMPshowfont=\toks29
\MPscratchCnt=\count453
\MPscratchDim=\dimen265
\MPnumerator=\count454
\makeMPintoPDFobject=\count455
\everyMPtoPDFconversion=\toks30
) (/home/jonas/.local/texlive/2020/texmf-dist/tex/latex/epstopdf-pkg/epstopdf-base.sty
Package: epstopdf-base 2020-01-24 v2.11 Base part for package epstopdf
 (/home/jonas/.local/texlive/2020/texmf-dist/tex/latex/grfext/grfext.sty
Package: grfext 2019/12/03 v1.3 Manage graphics extensions (HO)
)
Package epstopdf-base Info: Redefining graphics rule for `.eps' on input line 485.
Package grfext Info: Graphics extension search list:
(grfext)             [.pdf,.png,.jpg,.mps,.jpeg,.jbig2,.jb2,.PDF,.PNG,.JPG,.JPEG,.JBIG2,.JB2,.eps]
(grfext)             \AppendGraphicsExtensions on input line 504.
 (/home/jonas/.local/texlive/2020/texmf-dist/tex/latex/latexconfig/epstopdf-sys.cfg
File: epstopdf-sys.cfg 2010/07/13 v1.3 Configuration of (r)epstopdf for TeX Live
))
Package caption Info: Begin \AtBeginDocument code.
Package caption Info: hyperref package is loaded.
Package caption Info: End \AtBeginDocument code.
LaTeX Info: Redefining \microtypecontext on input line 11.
Package microtype Info: Generating PDF output.
Package microtype Info: Character protrusion enabled (level 2).
Package microtype Info: Using default protrusion set `alltext'.
Package microtype Info: Automatic font expansion enabled (level 2),
(microtype)             stretch: 20, shrink: 20, step: 1, non-selected.
Package microtype Info: Using default expansion set `basictext'.
LaTeX Info: Redefining \showhyphens on input line 11.
Package microtype Info: No adjustment of tracking.
Package microtype Info: No adjustment of spacing.
Package microtype Info: No adjustment of kerning.
 (/home/jonas/.local/texlive/2020/texmf-dist/tex/latex/microtype/mt-LatinModernRoman.cfg
File: mt-LatinModernRoman.cfg 2013/03/13 v1.0 microtype config. file: Latin Modern Roman (RS)
)
Package biblatex Info: Trying to load language 'ngerman'...
Package biblatex Info: ... file 'ngerman.lbx' found.
 (/home/jonas/.local/texlive/2020/texmf-dist/tex/latex/biblatex/lbx/ngerman.lbx
File: ngerman.lbx 2019/12/01 v3.14 biblatex localization (PK/MW)
Package biblatex Info: Trying to load language 'german'...
Package biblatex Info: ... file 'german.lbx' found.
 (/home/jonas/.local/texlive/2020/texmf-dist/tex/latex/biblatex/lbx/german.lbx
File: german.lbx 2019/12/01 v3.14 biblatex localization (PK/MW)
Module polyglossia Info: Language ngerman already loaded; id is 4 on input line 549
)
Package biblatex Info: Trying to load language 'german'...
Package biblatex Info: ... file 'german.lbx' found.
 (/home/jonas/.local/texlive/2020/texmf-dist/tex/latex/biblatex/lbx/german.lbx
File: german.lbx 2019/12/01 v3.14 biblatex localization (PK/MW)
Module polyglossia Info: Language ngerman already loaded; id is 4 on input line 549
)
Module polyglossia Info: Language ngerman already loaded; id is 4 on input line 19
)
Package biblatex Info: LuaTeX detected.
(biblatex)             Assuming input encoding 'utf8'.
Package biblatex Info: Automatic encoding selection.
(biblatex)             Assuming data encoding 'utf8'.

\openout3 = main.bcf
Package biblatex Info: Trying to load bibliographic data...
Package biblatex Info: ... file 'main.bbl' found.
 (./build/main.bbl)
Package biblatex Info: Reference section=0 on input line 11.
Package biblatex Info: Reference segment=0 on input line 11.
\AtBeginShipoutBox=\box65
Package hyperref Info: Link coloring OFF on input line 11.
 (/home/jonas/.local/texlive/2020/texmf-dist/tex/latex/hyperref/nameref.sty
Package: nameref 2019/09/16 v2.46 Cross-referencing by name of section
 (/home/jonas/.local/texlive/2020/texmf-dist/tex/latex/refcount/refcount.sty
Package: refcount 2019/12/15 v3.6 Data extraction from label references (HO)
) (/home/jonas/.local/texlive/2020/texmf-dist/tex/generic/gettitlestring/gettitlestring.sty
Package: gettitlestring 2019/12/15 v1.6 Cleanup title references (HO)
)
\c@section@level=\count456
)
LaTeX Info: Redefining \ref on input line 11.
LaTeX Info: Redefining \pageref on input line 11.
LaTeX Info: Redefining \nameref on input line 11.
LaTeX Info: Redefining \rmfamily on input line 11.
LaTeX Info: Redefining \sffamily on input line 11.
LaTeX Info: Redefining \ttfamily on input line 11.
Module polyglossia Info: Language ngerman already loaded; id is 4 on input line 11
Package microtype Info: Loading generic protrusion settings for font family
(microtype)             `LatinModernMath' (encoding: TU).
(microtype)             For optimal results, create family-specific settings.
(microtype)             See the microtype manual for details.
 (/home/jonas/.local/texlive/2020/texmf-dist/tex/latex/microtype/mt-msa.cfg
File: mt-msa.cfg 2006/02/04 v1.1 microtype config. file: AMS symbols (a) (RS)
) (/home/jonas/.local/texlive/2020/texmf-dist/tex/latex/microtype/mt-msb.cfg
File: mt-msb.cfg 2005/06/01 v1.0 microtype config. file: AMS symbols (b) (RS)
)
Package microtype Info: Loading generic protrusion settings for font family
(microtype)             `XITSMath' (encoding: TU).
(microtype)             For optimal results, create family-specific settings.
(microtype)             See the microtype manual for details.
Package microtype Info: Loading generic protrusion settings for font family
(microtype)             `lmss' (encoding: TU).
(microtype)             For optimal results, create family-specific settings.
(microtype)             See the microtype manual for details.
Package microtype Info: Loading generic protrusion settings for font family
(microtype)             `lmtt' (encoding: TU).
(microtype)             For optimal results, create family-specific settings.
(microtype)             See the microtype manual for details.
LaTeX Font Info:    Font shape `TU/LatinModernMath(2)/m/n' will be
(Font)              scaled to size 14.40152pt on input line 14.
LaTeX Font Info:    Font shape `TU/LatinModernMath(2)/m/n' will be
(Font)              scaled to size 10.00107pt on input line 14.
LaTeX Font Info:    Font shape `TU/LatinModernMath(2)/m/n' will be
(Font)              scaled to size 7.00075pt on input line 14.
LaTeX Font Info:    Font shape `TU/LatinModernMath(3)/m/n' will be
(Font)              scaled to size 14.39845pt on input line 14.
LaTeX Font Info:    Font shape `TU/LatinModernMath(3)/m/n' will be
(Font)              scaled to size 9.99893pt on input line 14.
LaTeX Font Info:    Font shape `TU/LatinModernMath(3)/m/n' will be
(Font)              scaled to size 6.99925pt on input line 14.
 [1

{/home/jonas/.local/texlive/2020/texmf-var/fonts/map/pdftex/updmap/pdftex.map}]
Package tocbasic Info: character protrusion at toc deactivated on input line 15.
 (./build/main.toc
LaTeX Info: Redefining \rmfamily on input line 2.
LaTeX Info: Redefining \sffamily on input line 2.
LaTeX Info: Redefining \ttfamily on input line 2.
)
\tf@toc=\write4

\openout4 = main.toc
 [2

] (./content/theorie.tex
Underfull \hbox (badness 10000) in paragraph at lines 16--19

 []


Underfull \hbox (badness 10000) in paragraph at lines 20--27

 []


Underfull \hbox (badness 10000) in paragraph at lines 28--34

 []


Underfull \hbox (badness 10000) in paragraph at lines 35--39

 []


Underfull \hbox (badness 10000) in paragraph at lines 47--52

 []

[3]
Underfull \hbox (badness 10000) in paragraph at lines 53--57

 []


Underfull \hbox (badness 10000) in paragraph at lines 58--63

 []


Underfull \hbox (badness 10000) in paragraph at lines 64--67

 []


Underfull \hbox (badness 10000) in paragraph at lines 75--79

 []


Underfull \hbox (badness 10000) in paragraph at lines 80--85

 []

[4]
Underfull \hbox (badness 10000) in paragraph at lines 86--91

 []

) (./content/durchfuehrung.tex
Underfull \hbox (badness 10000) in paragraph at lines 106--1

 []

) (./content/auswertung.tex

LaTeX Warning: Reference `??' on page 5 undefined on input line 7.

[5]
<figure/Schallgeschwindigkeit.pdf, id=85, 462.528pt x 346.896pt>
File: figure/Schallgeschwindigkeit.pdf Graphic file (type pdf)
<use figure/Schallgeschwindigkeit.pdf>
Package luatex.def Info: figure/Schallgeschwindigkeit.pdf  used on input line 42.
(luatex.def)             Requested size: 418.25555pt x 313.70677pt.
 [6] [7<./figure/Schallgeschwindigkeit.pdf>]
<figure/1Zylinder.png, id=130, 803.0pt x 541.02126pt>
File: figure/1Zylinder.png Graphic file (type png)
<use figure/1Zylinder.png>
Package luatex.def Info: figure/1Zylinder.png  used on input line 58.
(luatex.def)             Requested size: 167.29967pt x 112.71799pt.

Overfull \hbox (104.56389pt too wide) in paragraph at lines 60--60
[] [] 
 []

<figure/1_Zylinder.png, id=131, 849.1725pt x 623.32875pt>
File: figure/1_Zylinder.png Graphic file (type png)
<use figure/1_Zylinder.png>
Package luatex.def Info: figure/1_Zylinder.png  used on input line 64.
(luatex.def)             Requested size: 167.29967pt x 122.79933pt.

Overfull \hbox (104.56389pt too wide) in paragraph at lines 65--65
[] [] 
 []

<figure/2Zylinder.png, id=132, 803.0pt x 541.02126pt>
File: figure/2Zylinder.png Graphic file (type png)
<use figure/2Zylinder.png>
Package luatex.def Info: figure/2Zylinder.png  used on input line 72.
(luatex.def)             Requested size: 167.29967pt x 112.71799pt.

Overfull \hbox (104.56389pt too wide) in paragraph at lines 74--74
[] [] 
 []

<figure/2_Zylinder.png, id=133, 849.1725pt x 623.32875pt>
File: figure/2_Zylinder.png Graphic file (type png)
<use figure/2_Zylinder.png>
Package luatex.def Info: figure/2_Zylinder.png  used on input line 78.
(luatex.def)             Requested size: 167.29967pt x 122.79933pt.

Overfull \hbox (104.56389pt too wide) in paragraph at lines 79--79
[] [] 
 []

<figure/3Zylinder.png, id=134, 803.0pt x 541.02126pt>
File: figure/3Zylinder.png Graphic file (type png)
<use figure/3Zylinder.png>
Package luatex.def Info: figure/3Zylinder.png  used on input line 86.
(luatex.def)             Requested size: 167.29967pt x 112.71799pt.

Overfull \hbox (104.56389pt too wide) in paragraph at lines 88--88
[] [] 
 []

<figure/3_Zylinder.png, id=135, 849.1725pt x 623.32875pt>
File: figure/3_Zylinder.png Graphic file (type png)
<use figure/3_Zylinder.png>
Package luatex.def Info: figure/3_Zylinder.png  used on input line 92.
(luatex.def)             Requested size: 167.29967pt x 122.79933pt.

Overfull \hbox (104.56389pt too wide) in paragraph at lines 93--93
[] [] 
 []

<figure/4Zylinder.png, id=136, 803.0pt x 541.02126pt>
File: figure/4Zylinder.png Graphic file (type png)
<use figure/4Zylinder.png>
Package luatex.def Info: figure/4Zylinder.png  used on input line 100.
(luatex.def)             Requested size: 167.29967pt x 112.71799pt.

Overfull \hbox (104.56389pt too wide) in paragraph at lines 102--102
[] [] 
 []

<figure/4_Zylinder.png, id=137, 849.1725pt x 623.32875pt>
File: figure/4_Zylinder.png Graphic file (type png)
<use figure/4_Zylinder.png>
Package luatex.def Info: figure/4_Zylinder.png  used on input line 106.
(luatex.def)             Requested size: 167.29967pt x 122.79933pt.

Overfull \hbox (104.56389pt too wide) in paragraph at lines 107--107
[] [] 
 []

<figure/5Zylinder.png, id=138, 803.0pt x 541.02126pt>
File: figure/5Zylinder.png Graphic file (type png)
<use figure/5Zylinder.png>
Package luatex.def Info: figure/5Zylinder.png  used on input line 114.
(luatex.def)             Requested size: 167.29967pt x 112.71799pt.

Overfull \hbox (104.56389pt too wide) in paragraph at lines 116--116
[] [] 
 []

<figure/5_Zylinder.png, id=139, 849.1725pt x 623.32875pt>
File: figure/5_Zylinder.png Graphic file (type png)
<use figure/5_Zylinder.png>
Package luatex.def Info: figure/5_Zylinder.png  used on input line 120.
(luatex.def)             Requested size: 167.29967pt x 122.79933pt.

Overfull \hbox (104.56389pt too wide) in paragraph at lines 121--121
[] [] 
 []

<figure/6Zylinder.png, id=140, 803.0pt x 541.02126pt>
File: figure/6Zylinder.png Graphic file (type png)
<use figure/6Zylinder.png>
Package luatex.def Info: figure/6Zylinder.png  used on input line 128.
(luatex.def)             Requested size: 167.29967pt x 112.71799pt.

Overfull \hbox (104.56389pt too wide) in paragraph at lines 130--130
[] [] 
 []

<figure/6_Zylinder.png, id=141, 849.1725pt x 623.32875pt>
File: figure/6_Zylinder.png Graphic file (type png)
<use figure/6_Zylinder.png>
Package luatex.def Info: figure/6_Zylinder.png  used on input line 134.
(luatex.def)             Requested size: 167.29967pt x 122.79933pt.

Overfull \hbox (104.56389pt too wide) in paragraph at lines 135--135
[] [] 
 []

[8<./figure/1Zylinder.png><./figure/1_Zylinder.png><./figure/2Zylinder.png><./figure/2_Zylinder.png>] [9<./figure/3Zylinder.png><./figure/3_Zylinder.png><./figure/4Zylinder.png><./figure/4_Zylinder.png><./figure/5Zylinder.png><./figure/5_Zylinder.png>]
<figure/Kugelresonanzspektrum.png, id=156, 849.1725pt x 623.32875pt>
File: figure/Kugelresonanzspektrum.png Graphic file (type png)
<use figure/Kugelresonanzspektrum.png>
Package luatex.def Info: figure/Kugelresonanzspektrum.png  used on input line 174.
(luatex.def)             Requested size: 418.25555pt x 307.02213pt.
 [10<./figure/6Zylinder.png><./figure/6_Zylinder.png>] [11<./figure/Kugelresonanzspektrum.png>]
Overfull \hbox (14.32915pt too wide) in paragraph at lines 185--210
 [][] 
 []

<figure/Resonanz_Drewinkel_Amplitude_4_n1.pdf, id=175, 462.528pt x 346.896pt>
File: figure/Resonanz_Drewinkel_Amplitude_4_n1.pdf Graphic file (type pdf)
<use figure/Resonanz_Drewinkel_Amplitude_4_n1.pdf>
Package luatex.def Info: figure/Resonanz_Drewinkel_Amplitude_4_n1.pdf  used on input line 227.
(luatex.def)             Requested size: 167.29967pt x 125.4753pt.
LaTeX Font Info:    Font shape `TU/LatinModernMath(2)/m/n' will be
(Font)              scaled to size 5.00053pt on input line 228.
LaTeX Font Info:    Font shape `TU/LatinModernMath(3)/m/n' will be
(Font)              scaled to size 4.99947pt on input line 228.

Overfull \hbox (104.56389pt too wide) in paragraph at lines 228--228
[] [] 
 []

<figure/Resonanz_Drewinkel_Amplitude_4_n2.pdf, id=176, 462.528pt x 346.896pt>
File: figure/Resonanz_Drewinkel_Amplitude_4_n2.pdf Graphic file (type pdf)
<use figure/Resonanz_Drewinkel_Amplitude_4_n2.pdf>
Package luatex.def Info: figure/Resonanz_Drewinkel_Amplitude_4_n2.pdf  used on input line 234.
(luatex.def)             Requested size: 167.29967pt x 125.4753pt.

Overfull \hbox (104.56389pt too wide) in paragraph at lines 235--235
[] [] 
 []


Overfull \hbox (19.93916pt too wide) in paragraph at lines 224--237
[]|  []  [] 
 []

<figure/Resonanz_Drewinkel_Amplitude_4_n3.pdf, id=177, 462.528pt x 346.896pt>
File: figure/Resonanz_Drewinkel_Amplitude_4_n3.pdf Graphic file (type pdf)
<use figure/Resonanz_Drewinkel_Amplitude_4_n3.pdf>
Package luatex.def Info: figure/Resonanz_Drewinkel_Amplitude_4_n3.pdf  used on input line 242.
(luatex.def)             Requested size: 167.29967pt x 125.4753pt.

Overfull \hbox (104.56389pt too wide) in paragraph at lines 243--243
[] [] 
 []

<figure/Resonanz_Drewinkel_Amplitude_4_n4.pdf, id=178, 462.528pt x 346.896pt>
File: figure/Resonanz_Drewinkel_Amplitude_4_n4.pdf Graphic file (type pdf)
<use figure/Resonanz_Drewinkel_Amplitude_4_n4.pdf>
Package luatex.def Info: figure/Resonanz_Drewinkel_Amplitude_4_n4.pdf  used on input line 248.
(luatex.def)             Requested size: 167.29967pt x 125.4753pt.

Overfull \hbox (104.56389pt too wide) in paragraph at lines 249--249
[] [] 
 []


Overfull \hbox (19.93916pt too wide) in paragraph at lines 239--252
[]|  []  [] 
 []

<figure/Resonanz_Drewinkel_Amplitude_6_n4.pdf, id=179, 462.528pt x 346.896pt>
File: figure/Resonanz_Drewinkel_Amplitude_6_n4.pdf Graphic file (type pdf)
<use figure/Resonanz_Drewinkel_Amplitude_6_n4.pdf>
Package luatex.def Info: figure/Resonanz_Drewinkel_Amplitude_6_n4.pdf  used on input line 259.
(luatex.def)             Requested size: 167.29967pt x 125.4753pt.

Overfull \hbox (104.56389pt too wide) in paragraph at lines 260--260
[] [] 
 []

<figure/Resonanz_Drewinkel_Amplitude_6_n5.pdf, id=180, 462.528pt x 346.896pt>
File: figure/Resonanz_Drewinkel_Amplitude_6_n5.pdf Graphic file (type pdf)
<use figure/Resonanz_Drewinkel_Amplitude_6_n5.pdf>
Package luatex.def Info: figure/Resonanz_Drewinkel_Amplitude_6_n5.pdf  used on input line 266.
(luatex.def)             Requested size: 167.29967pt x 125.4753pt.

Overfull \hbox (104.56389pt too wide) in paragraph at lines 267--267
[] [] 
 []


Overfull \hbox (19.93916pt too wide) in paragraph at lines 256--269
[]|  []  [] 
 []

<figure/Resonanz_Drewinkel_Amplitude_6_n6.pdf, id=181, 462.528pt x 346.896pt>
File: figure/Resonanz_Drewinkel_Amplitude_6_n6.pdf Graphic file (type pdf)
<use figure/Resonanz_Drewinkel_Amplitude_6_n6.pdf>
Package luatex.def Info: figure/Resonanz_Drewinkel_Amplitude_6_n6.pdf  used on input line 274.
(luatex.def)             Requested size: 167.29967pt x 125.4753pt.

Overfull \hbox (104.56389pt too wide) in paragraph at lines 275--275
[] [] 
 []

<figure/Resonanz_Drewinkel_Amplitude_6_n7.pdf, id=182, 462.528pt x 346.896pt>
File: figure/Resonanz_Drewinkel_Amplitude_6_n7.pdf Graphic file (type pdf)
<use figure/Resonanz_Drewinkel_Amplitude_6_n7.pdf>
Package luatex.def Info: figure/Resonanz_Drewinkel_Amplitude_6_n7.pdf  used on input line 280.
(luatex.def)             Requested size: 167.29967pt x 125.4753pt.

Overfull \hbox (104.56389pt too wide) in paragraph at lines 281--281
[] [] 
 []


Overfull \hbox (19.93916pt too wide) in paragraph at lines 271--284
[]|  []  [] 
 []

[12] [13<./figure/Resonanz_Drewinkel_Amplitude_4_n1.pdf><./figure/Resonanz_Drewinkel_Amplitude_4_n2.pdf><./figure/Resonanz_Drewinkel_Amplitude_4_n3.pdf><./figure/Resonanz_Drewinkel_Amplitude_4_n4.pdf><./figure/Resonanz_Drewinkel_Amplitude_6_n4.pdf><./figure/Resonanz_Drewinkel_Amplitude_6_n5.pdf>]
<figure/Peak_Aufspaltung.pdf, id=372, 462.528pt x 346.896pt>
File: figure/Peak_Aufspaltung.pdf Graphic file (type pdf)
<use figure/Peak_Aufspaltung.pdf>
Package luatex.def Info: figure/Peak_Aufspaltung.pdf  used on input line 322.
(luatex.def)             Requested size: 292.7776pt x 219.59367pt.
 [14<./figure/Resonanz_Drewinkel_Amplitude_6_n6.pdf><./figure/Resonanz_Drewinkel_Amplitude_6_n7.pdf>] [15<./figure/Peak_Aufspaltung.pdf>] [16]
<figure/9mmZwischenring_n0.pdf, id=476, 462.528pt x 346.896pt>
File: figure/9mmZwischenring_n0.pdf Graphic file (type pdf)
<use figure/9mmZwischenring_n0.pdf>
Package luatex.def Info: figure/9mmZwischenring_n0.pdf  used on input line 373.
(luatex.def)             Requested size: 167.29967pt x 125.4753pt.

Overfull \hbox (104.56389pt too wide) in paragraph at lines 374--374
[] [] 
 []

<figure/9mmZwischenring_n1.pdf, id=477, 462.528pt x 346.896pt>
File: figure/9mmZwischenring_n1.pdf Graphic file (type pdf)
<use figure/9mmZwischenring_n1.pdf>
Package luatex.def Info: figure/9mmZwischenring_n1.pdf  used on input line 379.
(luatex.def)             Requested size: 167.29967pt x 125.4753pt.

Overfull \hbox (104.56389pt too wide) in paragraph at lines 380--380
[] [] 
 []


Overfull \hbox (19.93916pt too wide) in paragraph at lines 370--382
[]|  []  [] 
 []

<figure/9mmZwischenring_n2.pdf, id=478, 462.528pt x 346.896pt>
File: figure/9mmZwischenring_n2.pdf Graphic file (type pdf)
<use figure/9mmZwischenring_n2.pdf>
Package luatex.def Info: figure/9mmZwischenring_n2.pdf  used on input line 385.
(luatex.def)             Requested size: 209.12778pt x 156.84808pt.
<figure/WM_Blenden.pdf, id=481, 462.528pt x 346.896pt>
File: figure/WM_Blenden.pdf Graphic file (type pdf)
<use figure/WM_Blenden.pdf>
Package luatex.def Info: figure/WM_Blenden.pdf  used on input line 400.
(luatex.def)             Requested size: 292.7776pt x 219.59367pt.
[17<./figure/9mmZwischenring_n0.pdf><./figure/9mmZwischenring_n1.pdf><./figure/9mmZwischenring_n2.pdf>] [18<./figure/WM_Blenden.pdf>] [19]
<figure/WMQZ.pdf, id=626, 462.528pt x 346.896pt>
File: figure/WMQZ.pdf Graphic file (type pdf)
<use figure/WMQZ.pdf>
Package luatex.def Info: figure/WMQZ.pdf  used on input line 470.
(luatex.def)             Requested size: 292.7776pt x 219.59367pt.
<figure/Zylinder_Ketten.pdf, id=628, 1517.67pt x 939.51pt>
File: figure/Zylinder_Ketten.pdf Graphic file (type pdf)
<use figure/Zylinder_Ketten.pdf>
Package luatex.def Info: figure/Zylinder_Ketten.pdf  used on input line 485.
(luatex.def)             Requested size: 418.25555pt x 258.91797pt.
 [20<./figure/WMQZ.pdf>]
<figure/Zylinder_Ketten_13mm.pdf, id=663, 1517.67pt x 939.51pt>
File: figure/Zylinder_Ketten_13mm.pdf Graphic file (type pdf)
<use figure/Zylinder_Ketten_13mm.pdf>
Package luatex.def Info: figure/Zylinder_Ketten_13mm.pdf  used on input line 497.
(luatex.def)             Requested size: 418.25555pt x 258.91797pt.
 [21<./figure/Zylinder_Ketten.pdf>]
<figure/Austausch_75mm.pdf, id=703, 462.528pt x 346.896pt>
File: figure/Austausch_75mm.pdf Graphic file (type pdf)
<use figure/Austausch_75mm.pdf>
Package luatex.def Info: figure/Austausch_75mm.pdf  used on input line 510.
(luatex.def)             Requested size: 418.25555pt x 313.70677pt.
 [22<./figure/Zylinder_Ketten_13mm.pdf>] [23<./figure/Austausch_75mm.pdf>]
<figure/Austausch_25mm.pdf, id=772, 462.528pt x 346.896pt>
File: figure/Austausch_25mm.pdf Graphic file (type pdf)
<use figure/Austausch_25mm.pdf>
Package luatex.def Info: figure/Austausch_25mm.pdf  used on input line 519.
(luatex.def)             Requested size: 418.25555pt x 313.70677pt.
) (./content/diskussion.tex)
The property list \polyglossia@langsetup contains the pairs (without outer
braces):
>  {latex/script}  =>  {latin}
>  {latex/lcscript}  =>  {latin}
>  {latex/scripttag}  =>  {}
>  {latex/language}  =>  {Latex}
>  {latex/langtag}  =>  {ENG}
>  {latex/bcp47}  =>  {}
>  {latex/hyphennames}  =>  {english}
>  {latex/direction}  =>  {LR}
>  {latex/hyphenmins}  =>  {2,3}
>  {latex/frenchspacing}  =>  {false}
>  {latex/indentfirst}  =>  {false}
>  {latex/fontsetup}  =>  {true}
>  {latex/envname}  =>  {latex}
>  {latex/babelname}  =>  {latex}
>  {latex/localnumeral}  =>  {polyglossia@C@localnumeral}
>  {latex/Localnumeral}  =>  {polyglossia@C@localnumeral}
>  {german/script}  =>  {latin}
>  {german/lcscript}  =>  {latin}
>  {german/scripttag}  =>  {}
>  {german/language}  =>  {German}
>  {german/langtag}  =>  {DEU}
>  {german/bcp47}  =>  {de-DE}
>  {german/hyphennames}  =>  {}
>  {german/direction}  =>  {LR}
>  {german/hyphenmins}  =>  {2,2}
>  {german/frenchspacing}  =>  {true}
>  {german/indentfirst}  =>  {false}
>  {german/fontsetup}  =>  {true}
>  {german/envname}  =>  {german}
>  {german/babelname}  =>  {ngerman}
>  {german/localnumeral}  =>  {polyglossia@C@localnumeral}
>  {german/Localnumeral}  =>  {polyglossia@C@localnumeral}.
Package atveryend Info: Empty hook `BeforeClearDocument' on input line 25.
 [24<./figure/Austausch_25mm.pdf>]
Package atveryend Info: Empty hook `AfterLastShipout' on input line 25.
 (./build/main.aux
LaTeX Info: Redefining \rmfamily on input line 26.
LaTeX Info: Redefining \sffamily on input line 26.
LaTeX Info: Redefining \ttfamily on input line 26.
)
Package atveryend Info: Executing hook `AtVeryEndDocument' on input line 25.
Package atveryend Info: Executing hook `AtEndAfterFileList' on input line 25.
Package rerunfilecheck Info: File `main.aux' has not changed.
(rerunfilecheck)             Checksum: E83C6AF2C0E703522B9B652AF0916826;25615.
Package rerunfilecheck Info: File `main.toc' has not changed.
(rerunfilecheck)             Checksum: 52BB2CA99AC50C44997D8D4B477F310B;2126.


LaTeX Warning: There were undefined references.


LaTeX Warning: There were multiply-defined labels.

Package logreq Info: Writing requests to 'main.run.xml'.

\openout1 = main.run.xml
)

Here is how much of LuaTeX's memory you used:
 36835 strings out of 480991
 100000,1977958 words of node,token memory allocated
 665 words of node memory still in use:
   7 hlist, 2 vlist, 2 rule, 2 glue, 4 kern, 1 glyph, 14 attribute, 80 glue_spec, 14 attribute_list, 1 write nodes
   avail lists: 1:1,2:2228,3:438,4:32,5:262,6:58,7:3807,8:48,9:810,10:13,11:454
 53109 multiletter control sequences out of 65536+600000
 229 fonts using 84869503 bytes
 62i,16n,114p,10117b,2933s stack positions out of 5000i,500n,10000p,200000b,100000s
</home/jonas/.local/texlive/2020/texmf-dist/fonts/opentype/public/lm/lmroman10-italic.otf></home/jonas/.local/texlive/2020/texmf-dist/fonts/opentype/public/lm-math/latinmodern-math.otf></home/jonas/.local/texlive/2020/texmf-dist/fonts/opentype/public/lm/lmroman10-bold.otf></home/jonas/.local/texlive/2020/texmf-dist/fonts/opentype/public/lm/lmmono10-regular.otf></home/jonas/.local/texlive/2020/texmf-dist/fonts/opentype/public/lm/lmroman10-regular.otf></home/jonas/.local/texlive/2020/texmf-dist/fonts/opentype/public/lm/lmroman12-regular.otf></home/jonas/.local/texlive/2020/texmf-dist/fonts/opentype/public/lm/lmsans10-bold.otf></home/jonas/.local/texlive/2020/texmf-dist/fonts/opentype/public/lm/lmroman12-bold.otf>
Output written on main.pdf (24 pages, 591922 bytes).

PDF statistics: 931 PDF objects out of 1000 (max. 8388607)
 469 compressed objects within 5 object streams
 79 named destinations out of 1000 (max. 131072)
 177 words of extra memory for PDF output out of 10000 (max. 100000000)

